#
# There is insufficient memory for the Java Runtime Environment to continue.
# Native memory allocation (malloc) failed to allocate 397296 bytes for Chunk::new
# Possible reasons:
#   The system is out of physical RAM or swap space
#   In 32 bit mode, the process size limit was hit
# Possible solutions:
#   Reduce memory load on the system
#   Increase physical memory or swap space
#   Check if swap backing store is full
#   Use 64 bit Java on a 64 bit OS
#   Decrease Java heap size (-Xmx/-Xms)
#   Decrease number of Java threads
#   Decrease Java thread stack sizes (-Xss)
#   Set larger code cache with -XX:ReservedCodeCacheSize=
# This output file may be truncated or incomplete.
#
#  Out of Memory Error (allocation.cpp:390), pid=14820, tid=0x00000000000042ac
#
# JRE version: OpenJDK Runtime Environment (8.0_152-b06) (build 1.8.0_152-release-1136-b06)
# Java VM: OpenJDK 64-Bit Server VM (25.152-b06 mixed mode windows-amd64 compressed oops)
# Failed to write core dump. Minidumps are not enabled by default on client versions of Windows
#

---------------  T H R E A D  ---------------

Current thread (0x0000000017b30000):  JavaThread "C2 CompilerThread0" daemon [_thread_in_native, id=17068, stack(0x0000000019280000,0x0000000019380000)]

Stack: [0x0000000019280000,0x0000000019380000]
[error occurred during error reporting (printing stack bounds), id 0xc0000005]

Native frames: (J=compiled Java code, j=interpreted, Vv=VM code, C=native code)


Current CompileTask:
C2:   5963 2915       4       org.codehaus.groovy.reflection.CachedMethod::compareToCachedMethod (160 bytes)


---------------  P R O C E S S  ---------------

Java Threads: ( => current thread )
  0x000000001ae85800 JavaThread "Build operations Thread 4" [_thread_blocked, id=14104, stack(0x0000000021a30000,0x0000000021b30000)]
  0x000000001ae80800 JavaThread "Build operations Thread 3" [_thread_blocked, id=2796, stack(0x00000000216d0000,0x00000000217d0000)]
  0x000000001ae84000 JavaThread "Build operations Thread 2" [_thread_blocked, id=7712, stack(0x00000000215d0000,0x00000000216d0000)]
  0x000000001ae87000 JavaThread "Build operations" [_thread_blocked, id=16896, stack(0x00000000214d0000,0x00000000215d0000)]
  0x000000001ae82000 JavaThread "Cache worker for Artifact transforms cache (C:\Users\vendas1\.gradle\caches\transforms-1)" [_thread_blocked, id=2872, stack(0x0000000020250000,0x0000000020350000)]
  0x000000001ae3d000 JavaThread "Cache worker for file hash cache (C:\Users\vendas1\Google Drive\Richard\Profissional\Ti\Programacao\AndroidStudioProjects\WegerQualityControl\.gradle\4.6\fileHashes)" [_thread_blocked, id=6724, stack(0x000000001c7e0000,0x000000001c8e0000)]
  0x000000001ad7c000 JavaThread "File lock request iListener" [_thread_in_native, id=15960, stack(0x000000001c6e0000,0x000000001c7e0000)]
  0x000000001b00c800 JavaThread "Cache worker for file hash cache (C:\Users\vendas1\.gradle\caches\4.6\fileHashes)" [_thread_blocked, id=208, stack(0x000000001c5e0000,0x000000001c6e0000)]
  0x000000001abd1800 JavaThread "Stdin handler" [_thread_blocked, id=8632, stack(0x000000001c2e0000,0x000000001c3e0000)]
  0x000000001abd1000 JavaThread "Asynchronous log dispatcher for DefaultDaemonConnection: socket connection from /127.0.0.1:33928 to /127.0.0.1:33929" [_thread_blocked, id=1612, stack(0x000000001c1e0000,0x000000001c2e0000)]
  0x000000001abb6800 JavaThread "Daemon worker" [_thread_in_vm, id=12300, stack(0x000000001c0e0000,0x000000001c1e0000)]
  0x000000001abf2000 JavaThread "Cancel handler" [_thread_blocked, id=17000, stack(0x000000001bfe0000,0x000000001c0e0000)]
  0x000000001ad2b000 JavaThread "Handler for socket connection from /127.0.0.1:33928 to /127.0.0.1:33929" [_thread_in_native, id=16844, stack(0x000000001bce0000,0x000000001bde0000)]
  0x000000001ad26000 JavaThread "Daemon" [_thread_blocked, id=13352, stack(0x000000001bbe0000,0x000000001bce0000)]
  0x000000001ad33000 JavaThread "Daemon periodic checks" [_thread_blocked, id=11456, stack(0x000000001bae0000,0x000000001bbe0000)]
  0x000000001a98f000 JavaThread "Incoming local TCP Connector on port 33928" [_thread_in_native, id=12820, stack(0x000000001b890000,0x000000001b990000)]
  0x0000000019583000 JavaThread "Service Thread" daemon [_thread_blocked, id=13996, stack(0x0000000019980000,0x0000000019a80000)]
  0x00000000041bd800 JavaThread "C1 CompilerThread2" daemon [_thread_blocked, id=3332, stack(0x0000000019480000,0x0000000019580000)]
  0x0000000017b36000 JavaThread "C2 CompilerThread1" daemon [_thread_in_native, id=15892, stack(0x0000000019380000,0x0000000019480000)]
=>0x0000000017b30000 JavaThread "C2 CompilerThread0" daemon [_thread_in_native, id=17068, stack(0x0000000019280000,0x0000000019380000)]
  0x0000000017b2e800 JavaThread "Attach Listener" daemon [_thread_blocked, id=11072, stack(0x0000000019180000,0x0000000019280000)]
  0x0000000017b2d800 JavaThread "Signal Dispatcher" daemon [_thread_blocked, id=6624, stack(0x0000000019080000,0x0000000019180000)]
  0x00000000041b6800 JavaThread "Finalizer" daemon [_thread_blocked, id=15952, stack(0x0000000018d80000,0x0000000018e80000)]
  0x00000000041b1000 JavaThread "Reference Handler" daemon [_thread_blocked, id=12816, stack(0x0000000018c80000,0x0000000018d80000)]
  0x0000000003f8d800 JavaThread "main" [_thread_blocked, id=11160, stack(0x0000000003f90000,0x0000000004090000)]

Other Threads:
  0x0000000017af6800 VMThread [stack: 0x0000000018b80000,0x0000000018c80000] [id=8604]
  0x0000000019584800 WatcherThread [stack: 0x0000000019a80000,0x0000000019b80000] [id=9368]

VM state:not at safepoint (normal execution)

VM Mutex/Monitor currently owned by a thread: None

Heap:
 PSYoungGen      total 74240K, used 69262K [0x00000000e0000000, 0x00000000e7000000, 0x0000000100000000)
  eden space 64000K, 97% used [0x00000000e0000000,0x00000000e3cf81a0,0x00000000e3e80000)
  from space 10240K, 66% used [0x00000000e4880000,0x00000000e4f2b7b8,0x00000000e5280000)
  to   space 10240K, 0% used [0x00000000e3e80000,0x00000000e3e80000,0x00000000e4880000)
 ParOldGen       total 107008K, used 8929K [0x00000000a0000000, 0x00000000a6880000, 0x00000000e0000000)
  object space 107008K, 8% used [0x00000000a0000000,0x00000000a08b8570,0x00000000a6880000)
 Metaspace       used 29852K, capacity 30298K, committed 30512K, reserved 1075200K
  class space    used 4163K, capacity 4290K, committed 4400K, reserved 1048576K

Card table byte_map: [0x0000000013580000,0x0000000013890000] byte_map_base: 0x0000000013080000

Marking Bits: (ParMarkBitMap*) 0x0000000077325aa0
 Begin Bits: [0x0000000013e90000, 0x0000000015690000)
 End Bits:   [0x0000000015690000, 0x0000000016e90000)

Polling page: 0x00000000026a0000

CodeCache: size=245760Kb used=9408Kb max_used=9994Kb free=236351Kb
 bounds [0x00000000041c0000, 0x0000000004b90000, 0x00000000131c0000]
 total_blobs=3336 nmethods=2667 adapters=582
 compilation: enabled

Compilation events (10 events):
Event: 5.957 Thread 0x00000000041bd800 nmethod 2926 0x0000000004562f90 code [0x0000000004563160, 0x0000000004563aa8]
Event: 5.957 Thread 0x00000000041bd800 2927       3       java.io.StringWriter::write (17 bytes)
Event: 5.957 Thread 0x00000000041bd800 nmethod 2927 0x000000000437cf10 code [0x000000000437d0a0, 0x000000000437d578]
Event: 5.957 Thread 0x00000000041bd800 2928       3       java.io.StringWriter::write (10 bytes)
Event: 5.957 Thread 0x00000000041bd800 nmethod 2928 0x000000000437c850 code [0x000000000437c9c0, 0x000000000437cdc8]
Event: 5.957 Thread 0x00000000041bd800 2929       3       java.lang.StackTraceElement::toString (140 bytes)
Event: 5.958 Thread 0x00000000041bd800 nmethod 2929 0x00000000043ad910 code [0x00000000043adc40, 0x00000000043af888]
Event: 5.959 Thread 0x00000000041bd800 2930       3       java.io.ObjectStreamClass::access$2500 (6 bytes)
Event: 5.959 Thread 0x00000000041bd800 nmethod 2930 0x00000000044f53d0 code [0x00000000044f5540, 0x00000000044f56a8]
Event: 5.960 Thread 0x00000000041bd800 2931       3       java.lang.Class::getDeclaredField (34 bytes)

GC Heap History (10 events):
Event: 2.022 GC heap before
{Heap before GC invocations=1 (full 0):
 PSYoungGen      total 74240K, used 64000K [0x00000000e0000000, 0x00000000e5280000, 0x0000000100000000)
  eden space 64000K, 100% used [0x00000000e0000000,0x00000000e3e80000,0x00000000e3e80000)
  from space 10240K, 0% used [0x00000000e4880000,0x00000000e4880000,0x00000000e5280000)
  to   space 10240K, 0% used [0x00000000e3e80000,0x00000000e3e80000,0x00000000e4880000)
 ParOldGen       total 169472K, used 0K [0x00000000a0000000, 0x00000000aa580000, 0x00000000e0000000)
  object space 169472K, 0% used [0x00000000a0000000,0x00000000a0000000,0x00000000aa580000)
 Metaspace       used 10022K, capacity 10274K, committed 10496K, reserved 1058816K
  class space    used 1320K, capacity 1425K, committed 1536K, reserved 1048576K
Event: 2.029 GC heap after
Heap after GC invocations=1 (full 0):
 PSYoungGen      total 74240K, used 7373K [0x00000000e0000000, 0x00000000e5280000, 0x0000000100000000)
  eden space 64000K, 0% used [0x00000000e0000000,0x00000000e0000000,0x00000000e3e80000)
  from space 10240K, 72% used [0x00000000e3e80000,0x00000000e45b35f0,0x00000000e4880000)
  to   space 10240K, 0% used [0x00000000e4880000,0x00000000e4880000,0x00000000e5280000)
 ParOldGen       total 169472K, used 16K [0x00000000a0000000, 0x00000000aa580000, 0x00000000e0000000)
  object space 169472K, 0% used [0x00000000a0000000,0x00000000a0004000,0x00000000aa580000)
 Metaspace       used 10022K, capacity 10274K, committed 10496K, reserved 1058816K
  class space    used 1320K, capacity 1425K, committed 1536K, reserved 1048576K
}
Event: 2.899 GC heap before
{Heap before GC invocations=2 (full 0):
 PSYoungGen      total 74240K, used 71373K [0x00000000e0000000, 0x00000000e5280000, 0x0000000100000000)
  eden space 64000K, 100% used [0x00000000e0000000,0x00000000e3e80000,0x00000000e3e80000)
  from space 10240K, 72% used [0x00000000e3e80000,0x00000000e45b35f0,0x00000000e4880000)
  to   space 10240K, 0% used [0x00000000e4880000,0x00000000e4880000,0x00000000e5280000)
 ParOldGen       total 169472K, used 16K [0x00000000a0000000, 0x00000000aa580000, 0x00000000e0000000)
  object space 169472K, 0% used [0x00000000a0000000,0x00000000a0004000,0x00000000aa580000)
 Metaspace       used 16389K, capacity 16796K, committed 16896K, reserved 1062912K
  class space    used 2344K, capacity 2480K, committed 2560K, reserved 1048576K
Event: 2.912 GC heap after
Heap after GC invocations=2 (full 0):
 PSYoungGen      total 74240K, used 10216K [0x00000000e0000000, 0x00000000e5280000, 0x0000000100000000)
  eden space 64000K, 0% used [0x00000000e0000000,0x00000000e0000000,0x00000000e3e80000)
  from space 10240K, 99% used [0x00000000e4880000,0x00000000e527a038,0x00000000e5280000)
  to   space 10240K, 0% used [0x00000000e3e80000,0x00000000e3e80000,0x00000000e4880000)
 ParOldGen       total 169472K, used 40K [0x00000000a0000000, 0x00000000aa580000, 0x00000000e0000000)
  object space 169472K, 0% used [0x00000000a0000000,0x00000000a000a000,0x00000000aa580000)
 Metaspace       used 16389K, capacity 16796K, committed 16896K, reserved 1062912K
  class space    used 2344K, capacity 2480K, committed 2560K, reserved 1048576K
}
Event: 3.560 GC heap before
{Heap before GC invocations=3 (full 0):
 PSYoungGen      total 74240K, used 38114K [0x00000000e0000000, 0x00000000e5280000, 0x0000000100000000)
  eden space 64000K, 43% used [0x00000000e0000000,0x00000000e1b3ea18,0x00000000e3e80000)
  from space 10240K, 99% used [0x00000000e4880000,0x00000000e527a038,0x00000000e5280000)
  to   space 10240K, 0% used [0x00000000e3e80000,0x00000000e3e80000,0x00000000e4880000)
 ParOldGen       total 169472K, used 40K [0x00000000a0000000, 0x00000000aa580000, 0x00000000e0000000)
  object space 169472K, 0% used [0x00000000a0000000,0x00000000a000a000,0x00000000aa580000)
 Metaspace       used 20804K, capacity 21244K, committed 21296K, reserved 1067008K
  class space    used 2913K, capacity 3076K, committed 3120K, reserved 1048576K
Event: 3.568 GC heap after
Heap after GC invocations=3 (full 0):
 PSYoungGen      total 74240K, used 9144K [0x00000000e0000000, 0x00000000e5280000, 0x0000000100000000)
  eden space 64000K, 0% used [0x00000000e0000000,0x00000000e0000000,0x00000000e3e80000)
  from space 10240K, 89% used [0x00000000e3e80000,0x00000000e476e3d8,0x00000000e4880000)
  to   space 10240K, 0% used [0x00000000e4880000,0x00000000e4880000,0x00000000e5280000)
 ParOldGen       total 169472K, used 48K [0x00000000a0000000, 0x00000000aa580000, 0x00000000e0000000)
  object space 169472K, 0% used [0x00000000a0000000,0x00000000a000c000,0x00000000aa580000)
 Metaspace       used 20804K, capacity 21244K, committed 21296K, reserved 1067008K
  class space    used 2913K, capacity 3076K, committed 3120K, reserved 1048576K
}
Event: 3.568 GC heap before
{Heap before GC invocations=4 (full 1):
 PSYoungGen      total 74240K, used 9144K [0x00000000e0000000, 0x00000000e5280000, 0x0000000100000000)
  eden space 64000K, 0% used [0x00000000e0000000,0x00000000e0000000,0x00000000e3e80000)
  from space 10240K, 89% used [0x00000000e3e80000,0x00000000e476e3d8,0x00000000e4880000)
  to   space 10240K, 0% used [0x00000000e4880000,0x00000000e4880000,0x00000000e5280000)
 ParOldGen       total 169472K, used 48K [0x00000000a0000000, 0x00000000aa580000, 0x00000000e0000000)
  object space 169472K, 0% used [0x00000000a0000000,0x00000000a000c000,0x00000000aa580000)
 Metaspace       used 20804K, capacity 21244K, committed 21296K, reserved 1067008K
  class space    used 2913K, capacity 3076K, committed 3120K, reserved 1048576K
Event: 3.608 GC heap after
Heap after GC invocations=4 (full 1):
 PSYoungGen      total 74240K, used 0K [0x00000000e0000000, 0x00000000e5280000, 0x0000000100000000)
  eden space 64000K, 0% used [0x00000000e0000000,0x00000000e0000000,0x00000000e3e80000)
  from space 10240K, 0% used [0x00000000e3e80000,0x00000000e3e80000,0x00000000e4880000)
  to   space 10240K, 0% used [0x00000000e4880000,0x00000000e4880000,0x00000000e5280000)
 ParOldGen       total 107008K, used 8929K [0x00000000a0000000, 0x00000000a6880000, 0x00000000e0000000)
  object space 107008K, 8% used [0x00000000a0000000,0x00000000a08b8570,0x00000000a6880000)
 Metaspace       used 20804K, capacity 21244K, committed 21296K, reserved 1067008K
  class space    used 2913K, capacity 3076K, committed 3120K, reserved 1048576K
}
Event: 4.615 GC heap before
{Heap before GC invocations=5 (full 1):
 PSYoungGen      total 74240K, used 64000K [0x00000000e0000000, 0x00000000e5280000, 0x0000000100000000)
  eden space 64000K, 100% used [0x00000000e0000000,0x00000000e3e80000,0x00000000e3e80000)
  from space 10240K, 0% used [0x00000000e3e80000,0x00000000e3e80000,0x00000000e4880000)
  to   space 10240K, 0% used [0x00000000e4880000,0x00000000e4880000,0x00000000e5280000)
 ParOldGen       total 107008K, used 8929K [0x00000000a0000000, 0x00000000a6880000, 0x00000000e0000000)
  object space 107008K, 8% used [0x00000000a0000000,0x00000000a08b8570,0x00000000a6880000)
 Metaspace       used 26574K, capacity 27030K, committed 27184K, reserved 1073152K
  class space    used 3637K, capacity 3801K, committed 3888K, reserved 1048576K
Event: 4.625 GC heap after
Heap after GC invocations=5 (full 1):
 PSYoungGen      total 74240K, used 6829K [0x00000000e0000000, 0x00000000e7000000, 0x0000000100000000)
  eden space 64000K, 0% used [0x00000000e0000000,0x00000000e0000000,0x00000000e3e80000)
  from space 10240K, 66% used [0x00000000e4880000,0x00000000e4f2b7b8,0x00000000e5280000)
  to   space 10240K, 0% used [0x00000000e3e80000,0x00000000e3e80000,0x00000000e4880000)
 ParOldGen       total 107008K, used 8929K [0x00000000a0000000, 0x00000000a6880000, 0x00000000e0000000)
  object space 107008K, 8% used [0x00000000a0000000,0x00000000a08b8570,0x00000000a6880000)
 Metaspace       used 26574K, capacity 27030K, committed 27184K, reserved 1073152K
  class space    used 3637K, capacity 3801K, committed 3888K, reserved 1048576K
}

Deoptimization events (10 events):
Event: 5.033 Thread 0x000000001abb6800 Uncommon trap: reason=range_check action=make_not_entrant pc=0x0000000004a9c144 method=java.lang.String.charAt(I)C @ 27
Event: 5.086 Thread 0x000000001abb6800 Uncommon trap: reason=unstable_if action=reinterpret pc=0x00000000049bbae0 method=java.net.URI.match(CJJ)Z @ 45
Event: 5.550 Thread 0x000000001abb6800 Uncommon trap: reason=unstable_if action=reinterpret pc=0x0000000004b38ae4 method=com.esotericsoftware.kryo.io.Output.writeString(Ljava/lang/CharSequence;)V @ 1
Event: 5.596 Thread 0x000000001abb6800 Uncommon trap: reason=unstable_if action=reinterpret pc=0x00000000046f2778 method=java.util.concurrent.ConcurrentHashMap.putVal(Ljava/lang/Object;Ljava/lang/Object;Z)Ljava/lang/Object; @ 113
Event: 5.596 Thread 0x000000001abb6800 Uncommon trap: reason=unstable_if action=reinterpret pc=0x000000000465864c method=java.util.concurrent.ConcurrentHashMap.transfer([Ljava/util/concurrent/ConcurrentHashMap$Node;[Ljava/util/concurrent/ConcurrentHashMap$Node;)V @ 34
Event: 5.597 Thread 0x000000001ae80800 Uncommon trap: reason=unstable_if action=reinterpret pc=0x000000000465867c method=java.util.concurrent.ConcurrentHashMap.transfer([Ljava/util/concurrent/ConcurrentHashMap$Node;[Ljava/util/concurrent/ConcurrentHashMap$Node;)V @ 277
Event: 5.597 Thread 0x000000001ae80800 Uncommon trap: reason=unstable_if action=reinterpret pc=0x00000000046f2894 method=java.util.concurrent.ConcurrentHashMap.addCount(JI)V @ 168
Event: 5.597 Thread 0x000000001ae85800 Uncommon trap: reason=unstable_if action=reinterpret pc=0x00000000046f2894 method=java.util.concurrent.ConcurrentHashMap.addCount(JI)V @ 168
Event: 5.597 Thread 0x000000001ae87000 Uncommon trap: reason=unstable_if action=reinterpret pc=0x0000000004b002e4 method=java.util.concurrent.ConcurrentHashMap.get(Ljava/lang/Object;)Ljava/lang/Object; @ 86
Event: 5.952 Thread 0x000000001abb6800 Uncommon trap: reason=class_check action=maybe_recompile pc=0x0000000004761500 method=java.lang.Throwable.<init>(Ljava/lang/String;Ljava/lang/Throwable;)V @ 24

Classes redefined (0 events):
No events

Internal exceptions (10 events):
Event: 4.924 Thread 0x000000001abb6800 Exception <a 'java/lang/ClassNotFoundException': org/gradle/api/internal/artifacts/dsl/dependencies/DefaultDependencyHandler_DecoratedCustomizer> (0x00000000e1808968) thrown at [D:\src\AOSP-openjdk-cygwin\jdk8u\hotspot\src\share\vm\classfile\systemDiction
Event: 5.550 Thread 0x000000001abb6800 Implicit null exception at 0x0000000004b387b0 to 0x0000000004b38ad1
Event: 5.937 Thread 0x000000001abb6800 Exception <a 'java/lang/ClassNotFoundException': build_2pi431n3kz8voe4qistrbase5BeanInfo> (0x00000000e3aba1f8) thrown at [D:\src\AOSP-openjdk-cygwin\jdk8u\hotspot\src\share\vm\classfile\systemDictionary.cpp, line 210]
Event: 5.937 Thread 0x000000001abb6800 Exception <a 'java/lang/ClassNotFoundException': build_2pi431n3kz8voe4qistrbase5Customizer> (0x00000000e3ac4bd0) thrown at [D:\src\AOSP-openjdk-cygwin\jdk8u\hotspot\src\share\vm\classfile\systemDictionary.cpp, line 210]
Event: 5.952 Thread 0x000000001abb6800 Exception <a 'java/lang/OutOfMemoryError'> (0x00000000e3bbecd8) thrown at [D:\src\AOSP-openjdk-cygwin\jdk8u\hotspot\src\share\vm\prims\jni.cpp, line 735]
Event: 5.952 Thread 0x000000001abb6800 Exception <a 'java/lang/OutOfMemoryError'> (0x00000000e3bbecd8) thrown at [D:\src\AOSP-openjdk-cygwin\jdk8u\hotspot\src\share\vm\prims\jvm.cpp, line 1394]
Event: 5.952 Thread 0x000000001abb6800 Exception <a 'java/lang/OutOfMemoryError'> (0x00000000e3bbecd8) thrown at [D:\src\AOSP-openjdk-cygwin\jdk8u\hotspot\src\share\vm\prims\jvm.cpp, line 1394]
Event: 5.952 Thread 0x000000001abb6800 Exception <a 'java/lang/OutOfMemoryError'> (0x00000000e3bbecd8) thrown at [D:\src\AOSP-openjdk-cygwin\jdk8u\hotspot\src\share\vm\prims\jvm.cpp, line 1394]
Event: 5.952 Thread 0x000000001abb6800 Exception <a 'java/lang/OutOfMemoryError'> (0x00000000e3bbecd8) thrown at [D:\src\AOSP-openjdk-cygwin\jdk8u\hotspot\src\share\vm\prims\jvm.cpp, line 1394]
Event: 5.959 Thread 0x000000001abb6800 Exception <a 'java/lang/NoSuchMethodError': <clinit>> (0x00000000e3c97d40) thrown at [D:\src\AOSP-openjdk-cygwin\jdk8u\hotspot\src\share\vm\prims\jni.cpp, line 1613]

Events (10 events):
Event: 5.953 loading class org/gradle/tooling/internal/provider/events/DefaultFailure
Event: 5.953 loading class org/gradle/tooling/internal/provider/events/DefaultFailure done
Event: 5.953 loading class org/gradle/tooling/internal/protocol/InternalFailure
Event: 5.953 loading class org/gradle/tooling/internal/protocol/InternalFailure done
Event: 5.954 loading class java/lang/Throwable$WrappedPrintWriter
Event: 5.954 loading class java/lang/Throwable$PrintStreamOrWriter
Event: 5.954 loading class java/lang/Throwable$PrintStreamOrWriter done
Event: 5.954 loading class java/lang/Throwable$WrappedPrintWriter done
Event: 5.954 loading class java/util/IdentityHashMap$KeySet
Event: 5.954 loading class java/util/IdentityHashMap$KeySet done


Dynamic libraries:
0x00007ff782600000 - 0x00007ff782631000 	C:\Program Files\Android\Android Studio\jre\bin\java.exe
0x00007ff902b50000 - 0x00007ff902d30000 	C:\WINDOWS\SYSTEM32\ntdll.dll
0x00007ff8fd080000 - 0x00007ff8fd0b4000 	C:\Program Files\AVAST Software\Avast\x64\aswhooka.dll
0x00007ff9000d0000 - 0x00007ff90017e000 	C:\WINDOWS\System32\KERNEL32.DLL
0x00007ff8ff200000 - 0x00007ff8ff466000 	C:\WINDOWS\System32\KERNELBASE.dll
0x00007ff9001e0000 - 0x00007ff900281000 	C:\WINDOWS\System32\ADVAPI32.dll
0x00007ff902260000 - 0x00007ff9022fd000 	C:\WINDOWS\System32\msvcrt.dll
0x00007ff902ac0000 - 0x00007ff902b1b000 	C:\WINDOWS\System32\sechost.dll
0x00007ff902360000 - 0x00007ff90247f000 	C:\WINDOWS\System32\RPCRT4.dll
0x00007ff902480000 - 0x00007ff90260f000 	C:\WINDOWS\System32\USER32.dll
0x00007ff8ffdb0000 - 0x00007ff8ffdd0000 	C:\WINDOWS\System32\win32u.dll
0x00007ff900580000 - 0x00007ff9005a8000 	C:\WINDOWS\System32\GDI32.dll
0x00007ff8ff470000 - 0x00007ff8ff603000 	C:\WINDOWS\System32\gdi32full.dll
0x00007ff8ff160000 - 0x00007ff8ff1fb000 	C:\WINDOWS\System32\msvcp_win.dll
0x00007ff8fef30000 - 0x00007ff8ff026000 	C:\WINDOWS\System32\ucrtbase.dll
0x00007ff8f1ff0000 - 0x00007ff8f2259000 	C:\WINDOWS\WinSxS\amd64_microsoft.windows.common-controls_6595b64144ccf1df_6.0.16299.309_none_15cfd4c4935e6b11\COMCTL32.dll
0x00007ff900900000 - 0x00007ff900c08000 	C:\WINDOWS\System32\combase.dll
0x00007ff8ff0e0000 - 0x00007ff8ff152000 	C:\WINDOWS\System32\bcryptPrimitives.dll
0x00007ff902620000 - 0x00007ff90264d000 	C:\WINDOWS\System32\IMM32.DLL
0x0000000050d90000 - 0x0000000050e62000 	C:\Program Files\Android\Android Studio\jre\jre\bin\msvcr100.dll
0x0000000076b60000 - 0x00000000773a1000 	C:\Program Files\Android\Android Studio\jre\jre\bin\server\jvm.dll
0x00007ff902610000 - 0x00007ff902618000 	C:\WINDOWS\System32\PSAPI.DLL
0x00007ff8eca00000 - 0x00007ff8eca09000 	C:\WINDOWS\SYSTEM32\WSOCK32.dll
0x00007ff9021f0000 - 0x00007ff90225c000 	C:\WINDOWS\System32\WS2_32.dll
0x00007ff8fced0000 - 0x00007ff8fcef3000 	C:\WINDOWS\SYSTEM32\WINMM.dll
0x00007ff8f5f70000 - 0x00007ff8f5f7a000 	C:\WINDOWS\SYSTEM32\VERSION.dll
0x00007ff8fce50000 - 0x00007ff8fce7a000 	C:\WINDOWS\SYSTEM32\WINMMBASE.dll
0x00007ff8ff610000 - 0x00007ff8ff65a000 	C:\WINDOWS\System32\cfgmgr32.dll
0x00007ff8fd260000 - 0x00007ff8fd26f000 	C:\Program Files\Android\Android Studio\jre\jre\bin\verify.dll
0x00007ff8f22f0000 - 0x00007ff8f2319000 	C:\Program Files\Android\Android Studio\jre\jre\bin\java.dll
0x00007ff8f9030000 - 0x00007ff8f9046000 	C:\Program Files\Android\Android Studio\jre\jre\bin\zip.dll
0x00007ff900c10000 - 0x00007ff902046000 	C:\WINDOWS\System32\SHELL32.dll
0x00007ff900650000 - 0x00007ff9006f6000 	C:\WINDOWS\System32\shcore.dll
0x00007ff8ff660000 - 0x00007ff8ffda7000 	C:\WINDOWS\System32\windows.storage.dll
0x00007ff900180000 - 0x00007ff9001d1000 	C:\WINDOWS\System32\shlwapi.dll
0x00007ff8feea0000 - 0x00007ff8feeb1000 	C:\WINDOWS\System32\kernel.appcore.dll
0x00007ff8feec0000 - 0x00007ff8fef0c000 	C:\WINDOWS\System32\powrprof.dll
0x00007ff8fee80000 - 0x00007ff8fee9b000 	C:\WINDOWS\System32\profapi.dll
0x00007ff8f1fd0000 - 0x00007ff8f1fea000 	C:\Program Files\Android\Android Studio\jre\jre\bin\net.dll
0x00007ff8fe6b0000 - 0x00007ff8fe716000 	C:\WINDOWS\system32\mswsock.dll
0x00007ff8f1fb0000 - 0x00007ff8f1fc1000 	C:\Program Files\Android\Android Studio\jre\jre\bin\nio.dll
0x00007ff8f1e60000 - 0x00007ff8f1e7e000 	C:\Users\vendas1\.gradle\native\25\windows-amd64\native-platform.dll
0x00007ff8fd250000 - 0x00007ff8fd25d000 	C:\Program Files\Android\Android Studio\jre\jre\bin\management.dll
0x00007ff8fe880000 - 0x00007ff8fe897000 	C:\WINDOWS\SYSTEM32\CRYPTSP.dll
0x00007ff8fe2b0000 - 0x00007ff8fe2e3000 	C:\WINDOWS\system32\rsaenh.dll
0x00007ff8fe980000 - 0x00007ff8fe9a5000 	C:\WINDOWS\SYSTEM32\bcrypt.dll
0x00007ff8fed80000 - 0x00007ff8feda9000 	C:\WINDOWS\SYSTEM32\USERENV.dll
0x00007ff8fe870000 - 0x00007ff8fe87b000 	C:\WINDOWS\SYSTEM32\CRYPTBASE.dll
0x00007ff8fe440000 - 0x00007ff8fe479000 	C:\WINDOWS\SYSTEM32\IPHLPAPI.DLL
0x00007ff900400000 - 0x00007ff900408000 	C:\WINDOWS\System32\NSI.dll
0x00007ff8fb520000 - 0x00007ff8fb536000 	C:\WINDOWS\SYSTEM32\dhcpcsvc6.DLL
0x00007ff8fb4b0000 - 0x00007ff8fb4ca000 	C:\WINDOWS\SYSTEM32\dhcpcsvc.DLL

VM Arguments:
jvm_args: -Xmx1536m -Dfile.encoding=windows-1252 -Duser.country=BR -Duser.language=pt -Duser.variant 
java_command: org.gradle.launcher.daemon.bootstrap.GradleDaemon 4.6
java_class_path (initial): C:\Users\vendas1\.gradle\wrapper\dists\gradle-4.6-all\bcst21l2brirad8k2ben1letg\gradle-4.6\lib\gradle-launcher-4.6.jar
Launcher Type: SUN_STANDARD

Environment Variables:
PATH=C:\Program Files (x86)\Common Files\Oracle\Java\javapath;C:\ProgramData\Oracle\Java\javapath;C:\WINDOWS\system32;C:\WINDOWS;C:\WINDOWS\System32\Wbem;C:\WINDOWS\System32\WindowsPowerShell\v1.0\;C:\Program Files\MySQL\MySQL Utilities 1.6\;C:\Program Files (x86)\NVIDIA Corporation\PhysX\Common;C:\Program Files\Microsoft SQL Server\110\Tools\Binn\;C:\WINDOWS\system32;C:\WINDOWS;C:\WINDOWS\System32\Wbem;C:\WINDOWS\System32\WindowsPowerShell\v1.0\;C:\Program Files\SourceGear\Common\DiffMerge\;C:\Program Files (x86)\Google\Cloud SDK\google-cloud-sdk\bin;C:\Users\vendas1\AppData\Local\Microsoft\WindowsApps;C:\Users\vendas1\AppData\Local\GitHubDesktop\bin
USERNAME=vendas1
OS=Windows_NT
PROCESSOR_IDENTIFIER=Intel64 Family 6 Model 60 Stepping 3, GenuineIntel



---------------  S Y S T E M  ---------------

OS: Windows 10.0 , 64 bit Build 16299 (10.0.16299.15)

CPU:total 4 (initial active 4) (4 cores per cpu, 1 threads per core) family 6 model 60 stepping 3, cmov, cx8, fxsr, mmx, sse, sse2, sse3, ssse3, sse4.1, sse4.2, popcnt, avx, avx2, aes, clmul, erms, lzcnt, tsc, tscinvbit, bmi1, bmi2

Memory: 4k page, physical 16189112k(3165056k free), swap 16189112k(4864k free)

vm_info: OpenJDK 64-Bit Server VM (25.152-b06) for windows-amd64 JRE (1.8.0_152-release-1136-b06), built by "builder" with MS VC++ 10.0 (VS2010)

time: Thu Oct 18 21:36:45 2018
elapsed time: 5 seconds (0d 0h 0m 5s)

