#
# There is insufficient memory for the Java Runtime Environment to continue.
# Native memory allocation (malloc) failed to allocate 578256 bytes for Chunk::new
# Possible reasons:
#   The system is out of physical RAM or swap space
#   In 32 bit mode, the process size limit was hit
# Possible solutions:
#   Reduce memory load on the system
#   Increase physical memory or swap space
#   Check if swap backing store is full
#   Use 64 bit Java on a 64 bit OS
#   Decrease Java heap size (-Xmx/-Xms)
#   Decrease number of Java threads
#   Decrease Java thread stack sizes (-Xss)
#   Set larger code cache with -XX:ReservedCodeCacheSize=
# This output file may be truncated or incomplete.
#
#  Out of Memory Error (allocation.cpp:390), pid=12404, tid=0x0000000000001340
#
# JRE version: OpenJDK Runtime Environment (8.0_152-b06) (build 1.8.0_152-release-1136-b06)
# Java VM: OpenJDK 64-Bit Server VM (25.152-b06 mixed mode windows-amd64 compressed oops)
# Failed to write core dump. Minidumps are not enabled by default on client versions of Windows
#

---------------  T H R E A D  ---------------

Current thread (0x0000000017f6c000):  JavaThread "C2 CompilerThread0" daemon [_thread_in_native, id=4928, stack(0x00000000196d0000,0x00000000197d0000)]

Stack: [0x00000000196d0000,0x00000000197d0000]
[error occurred during error reporting (printing stack bounds), id 0xc0000005]

Native frames: (J=compiled Java code, j=interpreted, Vv=VM code, C=native code)


Current CompileTask:
C2:   6242 2543       4       java.io.WinNTFileSystem::normalize (143 bytes)


---------------  P R O C E S S  ---------------

Java Threads: ( => current thread )
  0x000000001d77a000 JavaThread "Build operations Thread 4" [_thread_blocked, id=9240, stack(0x0000000021bf0000,0x0000000021cf0000)]
  0x000000001d77d800 JavaThread "Build operations Thread 3" [_thread_blocked, id=12304, stack(0x0000000021af0000,0x0000000021bf0000)]
  0x000000001d77e800 JavaThread "Build operations Thread 2" [_thread_blocked, id=13500, stack(0x00000000219f0000,0x0000000021af0000)]
  0x000000001d77d000 JavaThread "Build operations" [_thread_blocked, id=8692, stack(0x00000000218f0000,0x00000000219f0000)]
  0x000000001d77c000 JavaThread "Cache worker for Artifact transforms cache (C:\Users\vendas1\.gradle\caches\transforms-1)" [_thread_blocked, id=11428, stack(0x00000000204a0000,0x00000000205a0000)]
  0x000000001db30800 JavaThread "Cache worker for file hash cache (C:\Users\vendas1\Google Drive\Richard\Profissional\Ti\Programacao\AndroidStudioProjects\WegerQualityControl\.gradle\4.6\fileHashes)" [_thread_blocked, id=7144, stack(0x000000001ebd0000,0x000000001ecd0000)]
  0x000000001b790000 JavaThread "File lock request listener" [_thread_in_native, id=6044, stack(0x000000001ead0000,0x000000001ebd0000)]
  0x000000001d0ab800 JavaThread "Cache worker for file hash cache (C:\Users\vendas1\.gradle\caches\4.6\fileHashes)" [_thread_blocked, id=5980, stack(0x000000001da00000,0x000000001db00000)]
  0x000000001b05c000 JavaThread "Stdin handler" [_thread_blocked, id=13264, stack(0x000000001c730000,0x000000001c830000)]
  0x000000001b012000 JavaThread "Asynchronous log dispatcher for DefaultDaemonConnection: socket connection from /127.0.0.1:33981 to /127.0.0.1:33982" [_thread_blocked, id=4076, stack(0x000000001c630000,0x000000001c730000)]
  0x000000001b00f800 JavaThread "Daemon worker" [_thread_in_native, id=16692, stack(0x000000001c530000,0x000000001c630000)]
  0x000000001b016800 JavaThread "Cancel handler" [_thread_blocked, id=10856, stack(0x000000001c430000,0x000000001c530000)]
  0x000000001b230800 JavaThread "Handler for socket connection from /127.0.0.1:33981 to /127.0.0.1:33982" [_thread_in_native, id=3668, stack(0x000000001c130000,0x000000001c230000)]
  0x000000001b22f800 JavaThread "Daemon" [_thread_blocked, id=9272, stack(0x000000001c030000,0x000000001c130000)]
  0x000000001b210000 JavaThread "Daemon periodic checks" [_thread_blocked, id=16404, stack(0x000000001bf30000,0x000000001c030000)]
  0x000000001afec000 JavaThread "Incoming local TCP Connector on port 33981" [_thread_in_native, id=13168, stack(0x000000001bce0000,0x000000001bde0000)]
  0x00000000198d3800 JavaThread "Service Thread" daemon [_thread_blocked, id=6700, stack(0x0000000019dd0000,0x0000000019ed0000)]
  0x00000000198d1000 JavaThread "C1 CompilerThread2" daemon [_thread_blocked, id=11508, stack(0x0000000019cd0000,0x0000000019dd0000)]
  0x0000000017f72000 JavaThread "C2 CompilerThread1" daemon [_thread_blocked, id=14632, stack(0x00000000197d0000,0x00000000198d0000)]
=>0x0000000017f6c000 JavaThread "C2 CompilerThread0" daemon [_thread_in_native, id=4928, stack(0x00000000196d0000,0x00000000197d0000)]
  0x0000000017f6a800 JavaThread "Attach Listener" daemon [_thread_blocked, id=17196, stack(0x00000000195d0000,0x00000000196d0000)]
  0x0000000017f69000 JavaThread "Signal Dispatcher" daemon [_thread_blocked, id=15236, stack(0x00000000194d0000,0x00000000195d0000)]
  0x0000000017f58800 JavaThread "Finalizer" daemon [_thread_blocked, id=15536, stack(0x00000000191d0000,0x00000000192d0000)]
  0x00000000045f2000 JavaThread "Reference Handler" daemon [_thread_blocked, id=11068, stack(0x00000000190d0000,0x00000000191d0000)]
  0x00000000044fd800 JavaThread "main" [_thread_blocked, id=15208, stack(0x0000000004300000,0x0000000004400000)]

Other Threads:
  0x0000000017f36800 VMThread [stack: 0x0000000018fd0000,0x00000000190d0000] [id=8060]
  0x00000000198d5800 WatcherThread [stack: 0x0000000019ed0000,0x0000000019fd0000] [id=10760]

VM state:not at safepoint (normal execution)

VM Mutex/Monitor currently owned by a thread: None

Heap:
 PSYoungGen      total 116736K, used 67137K [0x00000000e0000000, 0x00000000e8e00000, 0x0000000100000000)
  eden space 109568K, 55% used [0x00000000e0000000,0x00000000e3af5260,0x00000000e6b00000)
  from space 7168K, 94% used [0x00000000e8700000,0x00000000e8d9b3f8,0x00000000e8e00000)
  to   space 10240K, 0% used [0x00000000e7a00000,0x00000000e7a00000,0x00000000e8400000)
 ParOldGen       total 91648K, used 8983K [0x00000000a0000000, 0x00000000a5980000, 0x00000000e0000000)
  object space 91648K, 9% used [0x00000000a0000000,0x00000000a08c5d08,0x00000000a5980000)
 Metaspace       used 29607K, capacity 30084K, committed 30256K, reserved 1075200K
  class space    used 4133K, capacity 4283K, committed 4400K, reserved 1048576K

Card table byte_map: [0x00000000139c0000,0x0000000013cd0000] byte_map_base: 0x00000000134c0000

Marking Bits: (ParMarkBitMap*) 0x0000000077325aa0
 Begin Bits: [0x00000000142d0000, 0x0000000015ad0000)
 End Bits:   [0x0000000015ad0000, 0x00000000172d0000)

Polling page: 0x0000000002a20000

CodeCache: size=245760Kb used=8902Kb max_used=9978Kb free=236857Kb
 bounds [0x0000000004600000, 0x0000000004fd0000, 0x0000000013600000]
 total_blobs=3115 nmethods=2446 adapters=582
 compilation: enabled

Compilation events (10 events):
Event: 6.142 Thread 0x00000000198d1000 2573       3       java.io.ObjectStreamClass::getSuperDesc (9 bytes)
Event: 6.142 Thread 0x00000000198d1000 nmethod 2573 0x0000000004f95890 code [0x0000000004f95a00, 0x0000000004f95cc8]
Event: 6.144 Thread 0x00000000198d1000 2574       3       java.io.ObjectOutputStream::writeNonProxyDesc (109 bytes)
Event: 6.144 Thread 0x0000000017f72000 nmethod 2563 0x0000000004f98e90 code [0x0000000004f98fe0, 0x0000000004f99458]
Event: 6.144 Thread 0x0000000017f72000 2564       4       java.io.ObjectOutputStream$BlockDataOutputStream::writeBytes (144 bytes)
Event: 6.145 Thread 0x00000000198d1000 nmethod 2574 0x0000000004f96a90 code [0x0000000004f96dc0, 0x0000000004f98338]
Event: 6.146 Thread 0x00000000198d1000 2575       3       org.gradle.internal.serialize.kryo.KryoBackedEncoder::flush (8 bytes)
Event: 6.146 Thread 0x00000000198d1000 nmethod 2575 0x0000000004f96690 code [0x0000000004f96800, 0x0000000004f969a8]
Event: 6.146 Thread 0x00000000198d1000 2576       3       java.util.concurrent.atomic.AtomicBoolean::get (13 bytes)
Event: 6.146 Thread 0x00000000198d1000 nmethod 2576 0x0000000004f96310 code [0x0000000004f96460, 0x0000000004f96610]

GC Heap History (10 events):
Event: 2.044 GC heap before
{Heap before GC invocations=1 (full 0):
 PSYoungGen      total 74240K, used 64000K [0x00000000e0000000, 0x00000000e5280000, 0x0000000100000000)
  eden space 64000K, 100% used [0x00000000e0000000,0x00000000e3e80000,0x00000000e3e80000)
  from space 10240K, 0% used [0x00000000e4880000,0x00000000e4880000,0x00000000e5280000)
  to   space 10240K, 0% used [0x00000000e3e80000,0x00000000e3e80000,0x00000000e4880000)
 ParOldGen       total 169472K, used 0K [0x00000000a0000000, 0x00000000aa580000, 0x00000000e0000000)
  object space 169472K, 0% used [0x00000000a0000000,0x00000000a0000000,0x00000000aa580000)
 Metaspace       used 10028K, capacity 10282K, committed 10496K, reserved 1058816K
  class space    used 1320K, capacity 1425K, committed 1536K, reserved 1048576K
Event: 2.056 GC heap after
Heap after GC invocations=1 (full 0):
 PSYoungGen      total 74240K, used 7350K [0x00000000e0000000, 0x00000000e5280000, 0x0000000100000000)
  eden space 64000K, 0% used [0x00000000e0000000,0x00000000e0000000,0x00000000e3e80000)
  from space 10240K, 71% used [0x00000000e3e80000,0x00000000e45ad968,0x00000000e4880000)
  to   space 10240K, 0% used [0x00000000e4880000,0x00000000e4880000,0x00000000e5280000)
 ParOldGen       total 169472K, used 16K [0x00000000a0000000, 0x00000000aa580000, 0x00000000e0000000)
  object space 169472K, 0% used [0x00000000a0000000,0x00000000a0004000,0x00000000aa580000)
 Metaspace       used 10028K, capacity 10282K, committed 10496K, reserved 1058816K
  class space    used 1320K, capacity 1425K, committed 1536K, reserved 1048576K
}
Event: 3.372 GC heap before
{Heap before GC invocations=2 (full 0):
 PSYoungGen      total 74240K, used 71350K [0x00000000e0000000, 0x00000000e5280000, 0x0000000100000000)
  eden space 64000K, 100% used [0x00000000e0000000,0x00000000e3e80000,0x00000000e3e80000)
  from space 10240K, 71% used [0x00000000e3e80000,0x00000000e45ad968,0x00000000e4880000)
  to   space 10240K, 0% used [0x00000000e4880000,0x00000000e4880000,0x00000000e5280000)
 ParOldGen       total 169472K, used 16K [0x00000000a0000000, 0x00000000aa580000, 0x00000000e0000000)
  object space 169472K, 0% used [0x00000000a0000000,0x00000000a0004000,0x00000000aa580000)
 Metaspace       used 16367K, capacity 16740K, committed 16896K, reserved 1062912K
  class space    used 2335K, capacity 2480K, committed 2560K, reserved 1048576K
Event: 3.391 GC heap after
Heap after GC invocations=2 (full 0):
 PSYoungGen      total 74240K, used 10162K [0x00000000e0000000, 0x00000000e5280000, 0x0000000100000000)
  eden space 64000K, 0% used [0x00000000e0000000,0x00000000e0000000,0x00000000e3e80000)
  from space 10240K, 99% used [0x00000000e4880000,0x00000000e526cb00,0x00000000e5280000)
  to   space 10240K, 0% used [0x00000000e3e80000,0x00000000e3e80000,0x00000000e4880000)
 ParOldGen       total 169472K, used 24K [0x00000000a0000000, 0x00000000aa580000, 0x00000000e0000000)
  object space 169472K, 0% used [0x00000000a0000000,0x00000000a0006000,0x00000000aa580000)
 Metaspace       used 16367K, capacity 16740K, committed 16896K, reserved 1062912K
  class space    used 2335K, capacity 2480K, committed 2560K, reserved 1048576K
}
Event: 3.835 GC heap before
{Heap before GC invocations=3 (full 0):
 PSYoungGen      total 74240K, used 39271K [0x00000000e0000000, 0x00000000e5280000, 0x0000000100000000)
  eden space 64000K, 45% used [0x00000000e0000000,0x00000000e1c6d370,0x00000000e3e80000)
  from space 10240K, 99% used [0x00000000e4880000,0x00000000e526cb00,0x00000000e5280000)
  to   space 10240K, 0% used [0x00000000e3e80000,0x00000000e3e80000,0x00000000e4880000)
 ParOldGen       total 169472K, used 24K [0x00000000a0000000, 0x00000000aa580000, 0x00000000e0000000)
  object space 169472K, 0% used [0x00000000a0000000,0x00000000a0006000,0x00000000aa580000)
 Metaspace       used 20812K, capacity 21252K, committed 21296K, reserved 1067008K
  class space    used 2914K, capacity 3076K, committed 3120K, reserved 1048576K
Event: 3.856 GC heap after
Heap after GC invocations=3 (full 0):
 PSYoungGen      total 74240K, used 9150K [0x00000000e0000000, 0x00000000e9100000, 0x0000000100000000)
  eden space 64000K, 0% used [0x00000000e0000000,0x00000000e0000000,0x00000000e3e80000)
  from space 10240K, 89% used [0x00000000e3e80000,0x00000000e476fa10,0x00000000e4880000)
  to   space 10240K, 0% used [0x00000000e8700000,0x00000000e8700000,0x00000000e9100000)
 ParOldGen       total 169472K, used 32K [0x00000000a0000000, 0x00000000aa580000, 0x00000000e0000000)
  object space 169472K, 0% used [0x00000000a0000000,0x00000000a0008000,0x00000000aa580000)
 Metaspace       used 20812K, capacity 21252K, committed 21296K, reserved 1067008K
  class space    used 2914K, capacity 3076K, committed 3120K, reserved 1048576K
}
Event: 3.856 GC heap before
{Heap before GC invocations=4 (full 1):
 PSYoungGen      total 74240K, used 9150K [0x00000000e0000000, 0x00000000e9100000, 0x0000000100000000)
  eden space 64000K, 0% used [0x00000000e0000000,0x00000000e0000000,0x00000000e3e80000)
  from space 10240K, 89% used [0x00000000e3e80000,0x00000000e476fa10,0x00000000e4880000)
  to   space 10240K, 0% used [0x00000000e8700000,0x00000000e8700000,0x00000000e9100000)
 ParOldGen       total 169472K, used 32K [0x00000000a0000000, 0x00000000aa580000, 0x00000000e0000000)
  object space 169472K, 0% used [0x00000000a0000000,0x00000000a0008000,0x00000000aa580000)
 Metaspace       used 20812K, capacity 21252K, committed 21296K, reserved 1067008K
  class space    used 2914K, capacity 3076K, committed 3120K, reserved 1048576K
Event: 3.889 GC heap after
Heap after GC invocations=4 (full 1):
 PSYoungGen      total 74240K, used 0K [0x00000000e0000000, 0x00000000e9100000, 0x0000000100000000)
  eden space 64000K, 0% used [0x00000000e0000000,0x00000000e0000000,0x00000000e3e80000)
  from space 10240K, 0% used [0x00000000e3e80000,0x00000000e3e80000,0x00000000e4880000)
  to   space 10240K, 0% used [0x00000000e8700000,0x00000000e8700000,0x00000000e9100000)
 ParOldGen       total 91648K, used 8975K [0x00000000a0000000, 0x00000000a5980000, 0x00000000e0000000)
  object space 91648K, 9% used [0x00000000a0000000,0x00000000a08c3d08,0x00000000a5980000)
 Metaspace       used 20812K, capacity 21252K, committed 21296K, reserved 1067008K
  class space    used 2914K, capacity 3076K, committed 3120K, reserved 1048576K
}
Event: 4.881 GC heap before
{Heap before GC invocations=5 (full 1):
 PSYoungGen      total 74240K, used 64000K [0x00000000e0000000, 0x00000000e9100000, 0x0000000100000000)
  eden space 64000K, 100% used [0x00000000e0000000,0x00000000e3e80000,0x00000000e3e80000)
  from space 10240K, 0% used [0x00000000e3e80000,0x00000000e3e80000,0x00000000e4880000)
  to   space 10240K, 0% used [0x00000000e8700000,0x00000000e8700000,0x00000000e9100000)
 ParOldGen       total 91648K, used 8975K [0x00000000a0000000, 0x00000000a5980000, 0x00000000e0000000)
  object space 91648K, 9% used [0x00000000a0000000,0x00000000a08c3d08,0x00000000a5980000)
 Metaspace       used 26567K, capacity 27038K, committed 27184K, reserved 1073152K
  class space    used 3637K, capacity 3801K, committed 3888K, reserved 1048576K
Event: 4.900 GC heap after
Heap after GC invocations=5 (full 1):
 PSYoungGen      total 116736K, used 6764K [0x00000000e0000000, 0x00000000e8e00000, 0x0000000100000000)
  eden space 109568K, 0% used [0x00000000e0000000,0x00000000e0000000,0x00000000e6b00000)
  from space 7168K, 94% used [0x00000000e8700000,0x00000000e8d9b3f8,0x00000000e8e00000)
  to   space 10240K, 0% used [0x00000000e7a00000,0x00000000e7a00000,0x00000000e8400000)
 ParOldGen       total 91648K, used 8983K [0x00000000a0000000, 0x00000000a5980000, 0x00000000e0000000)
  object space 91648K, 9% used [0x00000000a0000000,0x00000000a08c5d08,0x00000000a5980000)
 Metaspace       used 26567K, capacity 27038K, committed 27184K, reserved 1073152K
  class space    used 3637K, capacity 3801K, committed 3888K, reserved 1048576K
}

Deoptimization events (10 events):
Event: 4.395 Thread 0x000000001b00f800 Uncommon trap: reason=class_check action=maybe_recompile pc=0x0000000004bd4800 method=java.lang.reflect.Method.equals(Ljava/lang/Object;)Z @ 5
Event: 4.478 Thread 0x000000001b00f800 Uncommon trap: reason=unstable_if action=reinterpret pc=0x000000000489d7b0 method=java.util.LinkedHashMap.afterNodeInsertion(Z)V @ 1
Event: 4.494 Thread 0x000000001b00f800 Uncommon trap: reason=class_check action=maybe_recompile pc=0x0000000004bd4800 method=java.lang.reflect.Method.equals(Ljava/lang/Object;)Z @ 5
Event: 4.494 Thread 0x000000001b00f800 Uncommon trap: reason=class_check action=maybe_recompile pc=0x0000000004bd4800 method=java.lang.reflect.Method.equals(Ljava/lang/Object;)Z @ 5
Event: 4.682 Thread 0x000000001b00f800 Uncommon trap: reason=class_check action=maybe_recompile pc=0x0000000004bc4e78 method=sun.misc.URLClassPath.getLoader(I)Lsun/misc/URLClassPath$Loader; @ 94
Event: 4.779 Thread 0x000000001b00f800 Uncommon trap: reason=unstable_if action=reinterpret pc=0x000000000488ad3c method=java.io.WinNTFileSystem.resolve(Ljava/lang/String;Ljava/lang/String;)Ljava/lang/String; @ 49
Event: 4.906 Thread 0x00000000045f2000 Uncommon trap: reason=unstable_if action=reinterpret pc=0x0000000004be1838 method=java.lang.ref.Reference.tryHandlePending(Z)Z @ 104
Event: 4.950 Thread 0x000000001b00f800 Uncommon trap: reason=unstable_if action=reinterpret pc=0x0000000004a7e300 method=java.util.WeakHashMap.expungeStaleEntries()V @ 9
Event: 5.753 Thread 0x000000001b00f800 Uncommon trap: reason=unstable_if action=reinterpret pc=0x0000000004decb20 method=java.net.URI.match(CJJ)Z @ 45
Event: 6.123 Thread 0x000000001b00f800 Uncommon trap: reason=unstable_if action=reinterpret pc=0x0000000004f73c2c method=com.esotericsoftware.kryo.io.Output.writeString(Ljava/lang/CharSequence;)V @ 1

Classes redefined (0 events):
No events

Internal exceptions (10 events):
Event: 4.958 Thread 0x000000001b00f800 Exception <a 'java/lang/ClassNotFoundException': org/gradle/api/internal/DefaultNamedDomainObjectCollectionCustomizer> (0x00000000e01863f8) thrown at [D:\src\AOSP-openjdk-cygwin\jdk8u\hotspot\src\share\vm\classfile\systemDictionary.cpp, line 210]
Event: 4.960 Thread 0x000000001b00f800 Exception <a 'java/lang/ClassNotFoundException': org/gradle/api/internal/DefaultNamedDomainObjectListCustomizer> (0x00000000e01de920) thrown at [D:\src\AOSP-openjdk-cygwin\jdk8u\hotspot\src\share\vm\classfile\systemDictionary.cpp, line 210]
Event: 4.962 Thread 0x000000001b00f800 Exception <a 'java/lang/ClassNotFoundException': org/gradle/api/internal/artifacts/DefaultArtifactRepositoryContainerCustomizer> (0x00000000e02a6ed8) thrown at [D:\src\AOSP-openjdk-cygwin\jdk8u\hotspot\src\share\vm\classfile\systemDictionary.cpp, line 210
Event: 4.966 Thread 0x000000001b00f800 Exception <a 'java/lang/ClassNotFoundException': org/gradle/api/internal/artifacts/dsl/DefaultRepositoryHandlerCustomizer> (0x00000000e03087c8) thrown at [D:\src\AOSP-openjdk-cygwin\jdk8u\hotspot\src\share\vm\classfile\systemDictionary.cpp, line 210]
Event: 4.968 Thread 0x000000001b00f800 Exception <a 'java/lang/ClassNotFoundException': org/gradle/api/internal/artifacts/dsl/DefaultRepositoryHandler_DecoratedCustomizer> (0x00000000e0372d40) thrown at [D:\src\AOSP-openjdk-cygwin\jdk8u\hotspot\src\share\vm\classfile\systemDictionary.cpp, line
Event: 5.477 Thread 0x000000001b00f800 Exception <a 'java/lang/ClassNotFoundException': org/gradle/api/internal/artifacts/dsl/dependencies/DefaultDependencyHandler_DecoratedBeanInfo> (0x00000000e1835e58) thrown at [D:\src\AOSP-openjdk-cygwin\jdk8u\hotspot\src\share\vm\classfile\systemDictionar
Event: 5.478 Thread 0x000000001b00f800 Exception <a 'java/lang/ClassNotFoundException': org/gradle/api/internal/artifacts/dsl/dependencies/DefaultDependencyHandlerBeanInfo> (0x00000000e18835f8) thrown at [D:\src\AOSP-openjdk-cygwin\jdk8u\hotspot\src\share\vm\classfile\systemDictionary.cpp, lin
Event: 5.479 Thread 0x000000001b00f800 Exception <a 'java/lang/ClassNotFoundException': org/gradle/api/internal/artifacts/dsl/dependencies/DefaultDependencyHandlerCustomizer> (0x00000000e18d1bf8) thrown at [D:\src\AOSP-openjdk-cygwin\jdk8u\hotspot\src\share\vm\classfile\systemDictionary.cpp, l
Event: 5.480 Thread 0x000000001b00f800 Exception <a 'java/lang/ClassNotFoundException': org/gradle/api/internal/artifacts/dsl/dependencies/DefaultDependencyHandler_DecoratedCustomizer> (0x00000000e1947848) thrown at [D:\src\AOSP-openjdk-cygwin\jdk8u\hotspot\src\share\vm\classfile\systemDiction
Event: 6.123 Thread 0x000000001b00f800 Implicit null exception at 0x0000000004f73970 to 0x0000000004f73c19

Events (10 events):
Event: 6.128 loading class org/gradle/api/internal/artifacts/DownloadArtifactBuildOperationType$1
Event: 6.128 loading class org/gradle/api/internal/artifacts/DownloadArtifactBuildOperationType$1 done
Event: 6.129 Executing VM operation: RevokeBias
Event: 6.129 Executing VM operation: RevokeBias done
Event: 6.131 Executing VM operation: RevokeBias
Event: 6.131 Executing VM operation: RevokeBias done
Event: 6.131 Executing VM operation: RevokeBias
Event: 6.132 Executing VM operation: RevokeBias done
Event: 6.141 Executing VM operation: RevokeBias
Event: 6.141 Executing VM operation: RevokeBias done


Dynamic libraries:
0x00007ff782600000 - 0x00007ff782631000 	C:\Program Files\Android\Android Studio\jre\bin\java.exe
0x00007ff902b50000 - 0x00007ff902d30000 	C:\WINDOWS\SYSTEM32\ntdll.dll
0x00007ff8fd080000 - 0x00007ff8fd0b4000 	C:\Program Files\AVAST Software\Avast\x64\aswhooka.dll
0x00007ff9000d0000 - 0x00007ff90017e000 	C:\WINDOWS\System32\KERNEL32.DLL
0x00007ff8ff200000 - 0x00007ff8ff466000 	C:\WINDOWS\System32\KERNELBASE.dll
0x00007ff9001e0000 - 0x00007ff900281000 	C:\WINDOWS\System32\ADVAPI32.dll
0x00007ff902260000 - 0x00007ff9022fd000 	C:\WINDOWS\System32\msvcrt.dll
0x00007ff902ac0000 - 0x00007ff902b1b000 	C:\WINDOWS\System32\sechost.dll
0x00007ff902360000 - 0x00007ff90247f000 	C:\WINDOWS\System32\RPCRT4.dll
0x00007ff902480000 - 0x00007ff90260f000 	C:\WINDOWS\System32\USER32.dll
0x00007ff8ffdb0000 - 0x00007ff8ffdd0000 	C:\WINDOWS\System32\win32u.dll
0x00007ff900580000 - 0x00007ff9005a8000 	C:\WINDOWS\System32\GDI32.dll
0x00007ff8ff470000 - 0x00007ff8ff603000 	C:\WINDOWS\System32\gdi32full.dll
0x00007ff8ff160000 - 0x00007ff8ff1fb000 	C:\WINDOWS\System32\msvcp_win.dll
0x00007ff8fef30000 - 0x00007ff8ff026000 	C:\WINDOWS\System32\ucrtbase.dll
0x00007ff8f1ff0000 - 0x00007ff8f2259000 	C:\WINDOWS\WinSxS\amd64_microsoft.windows.common-controls_6595b64144ccf1df_6.0.16299.309_none_15cfd4c4935e6b11\COMCTL32.dll
0x00007ff900900000 - 0x00007ff900c08000 	C:\WINDOWS\System32\combase.dll
0x00007ff8ff0e0000 - 0x00007ff8ff152000 	C:\WINDOWS\System32\bcryptPrimitives.dll
0x00007ff902620000 - 0x00007ff90264d000 	C:\WINDOWS\System32\IMM32.DLL
0x0000000050d90000 - 0x0000000050e62000 	C:\Program Files\Android\Android Studio\jre\jre\bin\msvcr100.dll
0x0000000076b60000 - 0x00000000773a1000 	C:\Program Files\Android\Android Studio\jre\jre\bin\server\jvm.dll
0x00007ff902610000 - 0x00007ff902618000 	C:\WINDOWS\System32\PSAPI.DLL
0x00007ff8eca00000 - 0x00007ff8eca09000 	C:\WINDOWS\SYSTEM32\WSOCK32.dll
0x00007ff9021f0000 - 0x00007ff90225c000 	C:\WINDOWS\System32\WS2_32.dll
0x00007ff8fced0000 - 0x00007ff8fcef3000 	C:\WINDOWS\SYSTEM32\WINMM.dll
0x00007ff8f5f70000 - 0x00007ff8f5f7a000 	C:\WINDOWS\SYSTEM32\VERSION.dll
0x00007ff8fce50000 - 0x00007ff8fce7a000 	C:\WINDOWS\SYSTEM32\WINMMBASE.dll
0x00007ff8ff610000 - 0x00007ff8ff65a000 	C:\WINDOWS\System32\cfgmgr32.dll
0x00007ff8fd260000 - 0x00007ff8fd26f000 	C:\Program Files\Android\Android Studio\jre\jre\bin\verify.dll
0x00007ff8f22f0000 - 0x00007ff8f2319000 	C:\Program Files\Android\Android Studio\jre\jre\bin\java.dll
0x00007ff8f9030000 - 0x00007ff8f9046000 	C:\Program Files\Android\Android Studio\jre\jre\bin\zip.dll
0x00007ff900c10000 - 0x00007ff902046000 	C:\WINDOWS\System32\SHELL32.dll
0x00007ff900650000 - 0x00007ff9006f6000 	C:\WINDOWS\System32\shcore.dll
0x00007ff8ff660000 - 0x00007ff8ffda7000 	C:\WINDOWS\System32\windows.storage.dll
0x00007ff900180000 - 0x00007ff9001d1000 	C:\WINDOWS\System32\shlwapi.dll
0x00007ff8feea0000 - 0x00007ff8feeb1000 	C:\WINDOWS\System32\kernel.appcore.dll
0x00007ff8feec0000 - 0x00007ff8fef0c000 	C:\WINDOWS\System32\powrprof.dll
0x00007ff8fee80000 - 0x00007ff8fee9b000 	C:\WINDOWS\System32\profapi.dll
0x00007ff8f1fd0000 - 0x00007ff8f1fea000 	C:\Program Files\Android\Android Studio\jre\jre\bin\net.dll
0x00007ff8fe6b0000 - 0x00007ff8fe716000 	C:\WINDOWS\system32\mswsock.dll
0x00007ff8f1fb0000 - 0x00007ff8f1fc1000 	C:\Program Files\Android\Android Studio\jre\jre\bin\nio.dll
0x00007ff8f1e60000 - 0x00007ff8f1e7e000 	C:\Users\vendas1\.gradle\native\25\windows-amd64\native-platform.dll
0x00007ff8fd250000 - 0x00007ff8fd25d000 	C:\Program Files\Android\Android Studio\jre\jre\bin\management.dll
0x00007ff8fe880000 - 0x00007ff8fe897000 	C:\WINDOWS\SYSTEM32\CRYPTSP.dll
0x00007ff8fe2b0000 - 0x00007ff8fe2e3000 	C:\WINDOWS\system32\rsaenh.dll
0x00007ff8fe980000 - 0x00007ff8fe9a5000 	C:\WINDOWS\SYSTEM32\bcrypt.dll
0x00007ff8fed80000 - 0x00007ff8feda9000 	C:\WINDOWS\SYSTEM32\USERENV.dll
0x00007ff8fe870000 - 0x00007ff8fe87b000 	C:\WINDOWS\SYSTEM32\CRYPTBASE.dll
0x00007ff8fe440000 - 0x00007ff8fe479000 	C:\WINDOWS\SYSTEM32\IPHLPAPI.DLL
0x00007ff900400000 - 0x00007ff900408000 	C:\WINDOWS\System32\NSI.dll
0x00007ff8fb520000 - 0x00007ff8fb536000 	C:\WINDOWS\SYSTEM32\dhcpcsvc6.DLL
0x00007ff8fb4b0000 - 0x00007ff8fb4ca000 	C:\WINDOWS\SYSTEM32\dhcpcsvc.DLL

VM Arguments:
jvm_args: -Xmx1536m -Dfile.encoding=windows-1252 -Duser.country=BR -Duser.language=pt -Duser.variant 
java_command: org.gradle.launcher.daemon.bootstrap.GradleDaemon 4.6
java_class_path (initial): C:\Users\vendas1\.gradle\wrapper\dists\gradle-4.6-all\bcst21l2brirad8k2ben1letg\gradle-4.6\lib\gradle-launcher-4.6.jar
Launcher Type: SUN_STANDARD

Environment Variables:
PATH=C:\Program Files (x86)\Common Files\Oracle\Java\javapath;C:\ProgramData\Oracle\Java\javapath;C:\WINDOWS\system32;C:\WINDOWS;C:\WINDOWS\System32\Wbem;C:\WINDOWS\System32\WindowsPowerShell\v1.0\;C:\Program Files\MySQL\MySQL Utilities 1.6\;C:\Program Files (x86)\NVIDIA Corporation\PhysX\Common;C:\Program Files\Microsoft SQL Server\110\Tools\Binn\;C:\WINDOWS\system32;C:\WINDOWS;C:\WINDOWS\System32\Wbem;C:\WINDOWS\System32\WindowsPowerShell\v1.0\;C:\Program Files\SourceGear\Common\DiffMerge\;C:\Program Files (x86)\Google\Cloud SDK\google-cloud-sdk\bin;C:\Users\vendas1\AppData\Local\Microsoft\WindowsApps;C:\Users\vendas1\AppData\Local\GitHubDesktop\bin
USERNAME=vendas1
OS=Windows_NT
PROCESSOR_IDENTIFIER=Intel64 Family 6 Model 60 Stepping 3, GenuineIntel



---------------  S Y S T E M  ---------------

OS: Windows 10.0 , 64 bit Build 16299 (10.0.16299.15)

CPU:total 4 (initial active 4) (4 cores per cpu, 1 threads per core) family 6 model 60 stepping 3, cmov, cx8, fxsr, mmx, sse, sse2, sse3, ssse3, sse4.1, sse4.2, popcnt, avx, avx2, aes, clmul, erms, lzcnt, tsc, tscinvbit, bmi1, bmi2

Memory: 4k page, physical 16189112k(3166692k free), swap 16189112k(2632k free)

vm_info: OpenJDK 64-Bit Server VM (25.152-b06) for windows-amd64 JRE (1.8.0_152-release-1136-b06), built by "builder" with MS VC++ 10.0 (VS2010)

time: Thu Oct 18 21:37:04 2018
elapsed time: 6 seconds (0d 0h 0m 6s)

