#
# There is insufficient memory for the Java Runtime Environment to continue.
# Native memory allocation (malloc) failed to allocate 1064576 bytes for Chunk::new
# Possible reasons:
#   The system is out of physical RAM or swap space
#   In 32 bit mode, the process size limit was hit
# Possible solutions:
#   Reduce memory load on the system
#   Increase physical memory or swap space
#   Check if swap backing store is full
#   Use 64 bit Java on a 64 bit OS
#   Decrease Java heap size (-Xmx/-Xms)
#   Decrease number of Java threads
#   Decrease Java thread stack sizes (-Xss)
#   Set larger code cache with -XX:ReservedCodeCacheSize=
# This output file may be truncated or incomplete.
#
#  Out of Memory Error (allocation.cpp:390), pid=14632, tid=0x0000000000002eb0
#
# JRE version: OpenJDK Runtime Environment (8.0_152-b06) (build 1.8.0_152-release-1136-b06)
# Java VM: OpenJDK 64-Bit Server VM (25.152-b06 mixed mode windows-amd64 compressed oops)
# Failed to write core dump. Minidumps are not enabled by default on client versions of Windows
#

---------------  T H R E A D  ---------------

Current thread (0x00000000186b6000):  JavaThread "C2 CompilerThread1" daemon [_thread_in_native, id=11952, stack(0x0000000019f10000,0x000000001a010000)]

Stack: [0x0000000019f10000,0x000000001a010000]
[error occurred during error reporting (printing stack bounds), id 0xc0000005]

Native frames: (J=compiled Java code, j=interpreted, Vv=VM code, C=native code)


Current CompileTask:
C2:  12154 5779       4       org.gradle.model.internal.type.ModelType::wrap (219 bytes)


---------------  P R O C E S S  ---------------

Java Threads: ( => current thread )
  0x0000000023052800 JavaThread "Cache worker for task history cache (C:\Users\vendas1\Google Drive\Richard\Profissional\Ti\Programacao\AndroidStudioProjects\WegerQualityControl\.gradle\4.6\taskHistory)" [_thread_blocked, id=13036, stack(0x0000000024d50000,0x0000000024e50000)]
  0x0000000023054800 JavaThread "Cache worker for file content cache (C:\Users\vendas1\Google Drive\Richard\Profissional\Ti\Programacao\AndroidStudioProjects\WegerQualityControl\.gradle\4.6\fileContent)" [_thread_blocked, id=13336, stack(0x0000000024c50000,0x0000000024d50000)]
  0x0000000020a87000 JavaThread "Memory manager" [_thread_blocked, id=14380, stack(0x0000000022d80000,0x0000000022e80000)]
  0x0000000020a85800 JavaThread "Build operations Thread 4" [_thread_blocked, id=15208, stack(0x0000000022680000,0x0000000022780000)]
  0x0000000020a8a800 JavaThread "Build operations Thread 3" [_thread_blocked, id=5524, stack(0x0000000022580000,0x0000000022680000)]
  0x0000000020a8b800 JavaThread "Build operations Thread 2" [_thread_blocked, id=3592, stack(0x0000000022480000,0x0000000022580000)]
  0x0000000020a8a000 JavaThread "Build operations" [_thread_blocked, id=10528, stack(0x0000000022380000,0x0000000022480000)]
  0x0000000020a89000 JavaThread "Cache worker for Artifact transforms cache (C:\Users\vendas1\.gradle\caches\transforms-1)" [_thread_blocked, id=16752, stack(0x000000001f610000,0x000000001f710000)]
  0x000000001b957000 JavaThread "Cache worker for file hash cache (C:\Users\vendas1\Google Drive\Richard\Profissional\Ti\Programacao\AndroidStudioProjects\WegerQualityControl\.gradle\4.6\fileHashes)" [_thread_blocked, id=10036, stack(0x000000001e340000,0x000000001e440000)]
  0x000000001b8ca800 JavaThread "File lock request listener" [_thread_in_native, id=16780, stack(0x000000001d270000,0x000000001d370000)]
  0x000000001b884800 JavaThread "Cache worker for file hash cache (C:\Users\vendas1\.gradle\caches\4.6\fileHashes)" [_thread_blocked, id=4008, stack(0x000000001d170000,0x000000001d270000)]
  0x000000001b62d000 JavaThread "Stdin handler" [_thread_blocked, id=10880, stack(0x000000001ce70000,0x000000001cf70000)]
  0x000000001b62c000 JavaThread "Asynchronous log dispatcher for DefaultDaemonConnection: socket connection from /127.0.0.1:33783 to /127.0.0.1:33784" [_thread_blocked, id=12940, stack(0x000000001cd70000,0x000000001ce70000)]
  0x000000001b625800 JavaThread "Daemon worker" [_thread_in_vm, id=16544, stack(0x000000001cc70000,0x000000001cd70000)]
  0x000000001b624800 JavaThread "Cancel handler" [_thread_blocked, id=11920, stack(0x000000001cb70000,0x000000001cc70000)]
  0x000000001af0e800 JavaThread "Handler for socket connection from /127.0.0.1:33783 to /127.0.0.1:33784" [_thread_in_native, id=8324, stack(0x000000001c870000,0x000000001c970000)]
  0x000000001af0a000 JavaThread "Daemon" [_thread_blocked, id=11948, stack(0x000000001c770000,0x000000001c870000)]
  0x000000001b7b5800 JavaThread "Daemon periodic checks" [_thread_blocked, id=13040, stack(0x000000001c670000,0x000000001c770000)]
  0x000000001b5bf000 JavaThread "Incoming local TCP Connector on port 33783" [_thread_in_native, id=9256, stack(0x000000001c420000,0x000000001c520000)]
  0x000000001a01a800 JavaThread "Service Thread" daemon [_thread_blocked, id=13572, stack(0x000000001a510000,0x000000001a610000)]
  0x000000001a018800 JavaThread "C1 CompilerThread2" daemon [_thread_blocked, id=17312, stack(0x000000001a410000,0x000000001a510000)]
=>0x00000000186b6000 JavaThread "C2 CompilerThread1" daemon [_thread_in_native, id=11952, stack(0x0000000019f10000,0x000000001a010000)]
  0x00000000186b0000 JavaThread "C2 CompilerThread0" daemon [_thread_blocked, id=13732, stack(0x0000000019e10000,0x0000000019f10000)]
  0x00000000186ae800 JavaThread "Attach Listener" daemon [_thread_blocked, id=5688, stack(0x0000000019d10000,0x0000000019e10000)]
  0x00000000186ad800 JavaThread "Signal Dispatcher" daemon [_thread_blocked, id=12908, stack(0x0000000019c10000,0x0000000019d10000)]
  0x0000000004c56800 JavaThread "Finalizer" daemon [_thread_blocked, id=12724, stack(0x0000000019910000,0x0000000019a10000)]
  0x0000000004c51000 JavaThread "Reference Handler" daemon [_thread_blocked, id=1616, stack(0x0000000019810000,0x0000000019910000)]
  0x0000000004d3d800 JavaThread "main" [_thread_blocked, id=12404, stack(0x00000000049f0000,0x0000000004af0000)]

Other Threads:
  0x0000000018676800 VMThread [stack: 0x0000000019710000,0x0000000019810000] [id=16916]
  0x000000001a01c800 WatcherThread [stack: 0x000000001a610000,0x000000001a710000] [id=15040]

VM state:not at safepoint (normal execution)

VM Mutex/Monitor currently owned by a thread: None

Heap:
 PSYoungGen      total 174592K, used 29212K [0x00000000e0000000, 0x00000000ed380000, 0x0000000100000000)
  eden space 158720K, 8% used [0x00000000e0000000,0x00000000e0d07850,0x00000000e9b00000)
  from space 15872K, 99% used [0x00000000e9b00000,0x00000000eaa7fa00,0x00000000eaa80000)
  to   space 13824K, 0% used [0x00000000eaa80000,0x00000000eaa80000,0x00000000eb800000)
 ParOldGen       total 152064K, used 30628K [0x00000000a0000000, 0x00000000a9480000, 0x00000000e0000000)
  object space 152064K, 20% used [0x00000000a0000000,0x00000000a1de9188,0x00000000a9480000)
 Metaspace       used 55302K, capacity 57004K, committed 57128K, reserved 1097728K
  class space    used 7581K, capacity 7953K, committed 7984K, reserved 1048576K

Card table byte_map: [0x0000000014100000,0x0000000014410000] byte_map_base: 0x0000000013c00000

Marking Bits: (ParMarkBitMap*) 0x0000000077325aa0
 Begin Bits: [0x0000000014a10000, 0x0000000016210000)
 End Bits:   [0x0000000016210000, 0x0000000017a10000)

Polling page: 0x0000000003120000

CodeCache: size=245760Kb used=18635Kb max_used=18652Kb free=227124Kb
 bounds [0x0000000004d40000, 0x0000000005f90000, 0x0000000013d40000]
 total_blobs=6043 nmethods=5269 adapters=686
 compilation: enabled

Compilation events (10 events):
Event: 12.101 Thread 0x000000001a018800 nmethod 5847 0x0000000005f7e910 code [0x0000000005f7ea60, 0x0000000005f7eb70]
Event: 12.101 Thread 0x000000001a018800 5846       1       org.gradle.model.internal.registry.DefaultModelRegistry$MakeKnown::doIsAchieved (2 bytes)
Event: 12.101 Thread 0x000000001a018800 nmethod 5846 0x0000000005f7ebd0 code [0x0000000005f7ed20, 0x0000000005f7ee30]
Event: 12.127 Thread 0x00000000186b0000 nmethod 5822 0x0000000005f83b10 code [0x0000000005f83dc0, 0x0000000005f85d00]
Event: 12.127 Thread 0x00000000186b0000 5831       4       java.lang.Integer::hashCode (8 bytes)
Event: 12.127 Thread 0x00000000186b0000 nmethod 5831 0x0000000004f9fd50 code [0x0000000004f9fe80, 0x0000000004f9fed8]
Event: 12.135 Thread 0x00000000186b0000 5849       4       java.util.Arrays::copyOf (13 bytes)
Event: 12.137 Thread 0x00000000186b0000 nmethod 5849 0x0000000005f809d0 code [0x0000000005f80b00, 0x0000000005f80c98]
Event: 12.139 Thread 0x000000001a018800 5850       3       java.io.FileDescriptor::<init> (17 bytes)
Event: 12.139 Thread 0x000000001a018800 nmethod 5850 0x0000000005f80610 code [0x0000000005f80760, 0x0000000005f80930]

GC Heap History (10 events):
Event: 4.671 GC heap before
{Heap before GC invocations=5 (full 1):
 PSYoungGen      total 74240K, used 64000K [0x00000000e0000000, 0x00000000e9100000, 0x0000000100000000)
  eden space 64000K, 100% used [0x00000000e0000000,0x00000000e3e80000,0x00000000e3e80000)
  from space 10240K, 0% used [0x00000000e3e80000,0x00000000e3e80000,0x00000000e4880000)
  to   space 10240K, 0% used [0x00000000e8700000,0x00000000e8700000,0x00000000e9100000)
 ParOldGen       total 96768K, used 8979K [0x00000000a0000000, 0x00000000a5e80000, 0x00000000e0000000)
  object space 96768K, 9% used [0x00000000a0000000,0x00000000a08c4c50,0x00000000a5e80000)
 Metaspace       used 26562K, capacity 27038K, committed 27184K, reserved 1073152K
  class space    used 3637K, capacity 3801K, committed 3888K, reserved 1048576K
Event: 4.681 GC heap after
Heap after GC invocations=5 (full 1):
 PSYoungGen      total 110080K, used 6843K [0x00000000e0000000, 0x00000000e8e00000, 0x0000000100000000)
  eden space 102912K, 0% used [0x00000000e0000000,0x00000000e0000000,0x00000000e6480000)
  from space 7168K, 95% used [0x00000000e8700000,0x00000000e8daeef8,0x00000000e8e00000)
  to   space 10240K, 0% used [0x00000000e7a00000,0x00000000e7a00000,0x00000000e8400000)
 ParOldGen       total 96768K, used 8987K [0x00000000a0000000, 0x00000000a5e80000, 0x00000000e0000000)
  object space 96768K, 9% used [0x00000000a0000000,0x00000000a08c6c50,0x00000000a5e80000)
 Metaspace       used 26562K, capacity 27038K, committed 27184K, reserved 1073152K
  class space    used 3637K, capacity 3801K, committed 3888K, reserved 1048576K
}
Event: 6.673 GC heap before
{Heap before GC invocations=6 (full 1):
 PSYoungGen      total 110080K, used 103711K [0x00000000e0000000, 0x00000000e8e00000, 0x0000000100000000)
  eden space 102912K, 94% used [0x00000000e0000000,0x00000000e5e990d0,0x00000000e6480000)
  from space 7168K, 95% used [0x00000000e8700000,0x00000000e8daeef8,0x00000000e8e00000)
  to   space 10240K, 0% used [0x00000000e7a00000,0x00000000e7a00000,0x00000000e8400000)
 ParOldGen       total 96768K, used 8987K [0x00000000a0000000, 0x00000000a5e80000, 0x00000000e0000000)
  object space 96768K, 9% used [0x00000000a0000000,0x00000000a08c6c50,0x00000000a5e80000)
 Metaspace       used 34828K, capacity 35412K, committed 35496K, reserved 1079296K
  class space    used 4812K, capacity 4998K, committed 5040K, reserved 1048576K
Event: 6.686 GC heap after
Heap after GC invocations=6 (full 1):
 PSYoungGen      total 135168K, used 10230K [0x00000000e0000000, 0x00000000eb800000, 0x0000000100000000)
  eden space 124928K, 0% used [0x00000000e0000000,0x00000000e0000000,0x00000000e7a00000)
  from space 10240K, 99% used [0x00000000e7a00000,0x00000000e83fd8f8,0x00000000e8400000)
  to   space 13824K, 0% used [0x00000000eaa80000,0x00000000eaa80000,0x00000000eb800000)
 ParOldGen       total 96768K, used 11513K [0x00000000a0000000, 0x00000000a5e80000, 0x00000000e0000000)
  object space 96768K, 11% used [0x00000000a0000000,0x00000000a0b3e6b0,0x00000000a5e80000)
 Metaspace       used 34828K, capacity 35412K, committed 35496K, reserved 1079296K
  class space    used 4812K, capacity 4998K, committed 5040K, reserved 1048576K
}
Event: 6.686 GC heap before
{Heap before GC invocations=7 (full 2):
 PSYoungGen      total 135168K, used 10230K [0x00000000e0000000, 0x00000000eb800000, 0x0000000100000000)
  eden space 124928K, 0% used [0x00000000e0000000,0x00000000e0000000,0x00000000e7a00000)
  from space 10240K, 99% used [0x00000000e7a00000,0x00000000e83fd8f8,0x00000000e8400000)
  to   space 13824K, 0% used [0x00000000eaa80000,0x00000000eaa80000,0x00000000eb800000)
 ParOldGen       total 96768K, used 11513K [0x00000000a0000000, 0x00000000a5e80000, 0x00000000e0000000)
  object space 96768K, 11% used [0x00000000a0000000,0x00000000a0b3e6b0,0x00000000a5e80000)
 Metaspace       used 34828K, capacity 35412K, committed 35496K, reserved 1079296K
  class space    used 4812K, capacity 4998K, committed 5040K, reserved 1048576K
Event: 6.744 GC heap after
Heap after GC invocations=7 (full 2):
 PSYoungGen      total 135168K, used 0K [0x00000000e0000000, 0x00000000eb800000, 0x0000000100000000)
  eden space 124928K, 0% used [0x00000000e0000000,0x00000000e0000000,0x00000000e7a00000)
  from space 10240K, 0% used [0x00000000e7a00000,0x00000000e7a00000,0x00000000e8400000)
  to   space 13824K, 0% used [0x00000000eaa80000,0x00000000eaa80000,0x00000000eb800000)
 ParOldGen       total 152064K, used 19178K [0x00000000a0000000, 0x00000000a9480000, 0x00000000e0000000)
  object space 152064K, 12% used [0x00000000a0000000,0x00000000a12babd8,0x00000000a9480000)
 Metaspace       used 34828K, capacity 35412K, committed 35496K, reserved 1079296K
  class space    used 4812K, capacity 4998K, committed 5040K, reserved 1048576K
}
Event: 8.240 GC heap before
{Heap before GC invocations=8 (full 2):
 PSYoungGen      total 135168K, used 124928K [0x00000000e0000000, 0x00000000eb800000, 0x0000000100000000)
  eden space 124928K, 100% used [0x00000000e0000000,0x00000000e7a00000,0x00000000e7a00000)
  from space 10240K, 0% used [0x00000000e7a00000,0x00000000e7a00000,0x00000000e8400000)
  to   space 13824K, 0% used [0x00000000eaa80000,0x00000000eaa80000,0x00000000eb800000)
 ParOldGen       total 152064K, used 19178K [0x00000000a0000000, 0x00000000a9480000, 0x00000000e0000000)
  object space 152064K, 12% used [0x00000000a0000000,0x00000000a12babd8,0x00000000a9480000)
 Metaspace       used 41822K, capacity 42632K, committed 42792K, reserved 1085440K
  class space    used 5640K, capacity 5900K, committed 5936K, reserved 1048576K
Event: 8.255 GC heap after
Heap after GC invocations=8 (full 2):
 PSYoungGen      total 172544K, used 13823K [0x00000000e0000000, 0x00000000ed380000, 0x0000000100000000)
  eden space 158720K, 0% used [0x00000000e0000000,0x00000000e0000000,0x00000000e9b00000)
  from space 13824K, 99% used [0x00000000eaa80000,0x00000000eb7fff50,0x00000000eb800000)
  to   space 15872K, 0% used [0x00000000e9b00000,0x00000000e9b00000,0x00000000eaa80000)
 ParOldGen       total 152064K, used 20152K [0x00000000a0000000, 0x00000000a9480000, 0x00000000e0000000)
  object space 152064K, 13% used [0x00000000a0000000,0x00000000a13ae198,0x00000000a9480000)
 Metaspace       used 41822K, capacity 42632K, committed 42792K, reserved 1085440K
  class space    used 5640K, capacity 5900K, committed 5936K, reserved 1048576K
}
Event: 11.800 GC heap before
{Heap before GC invocations=9 (full 2):
 PSYoungGen      total 172544K, used 172543K [0x00000000e0000000, 0x00000000ed380000, 0x0000000100000000)
  eden space 158720K, 100% used [0x00000000e0000000,0x00000000e9b00000,0x00000000e9b00000)
  from space 13824K, 99% used [0x00000000eaa80000,0x00000000eb7fff50,0x00000000eb800000)
  to   space 15872K, 0% used [0x00000000e9b00000,0x00000000e9b00000,0x00000000eaa80000)
 ParOldGen       total 152064K, used 20152K [0x00000000a0000000, 0x00000000a9480000, 0x00000000e0000000)
  object space 152064K, 13% used [0x00000000a0000000,0x00000000a13ae198,0x00000000a9480000)
 Metaspace       used 54564K, capacity 56202K, committed 56360K, reserved 1097728K
  class space    used 7478K, capacity 7880K, committed 7984K, reserved 1048576K
Event: 11.850 GC heap after
Heap after GC invocations=9 (full 2):
 PSYoungGen      total 174592K, used 15870K [0x00000000e0000000, 0x00000000ed380000, 0x0000000100000000)
  eden space 158720K, 0% used [0x00000000e0000000,0x00000000e0000000,0x00000000e9b00000)
  from space 15872K, 99% used [0x00000000e9b00000,0x00000000eaa7fa00,0x00000000eaa80000)
  to   space 13824K, 0% used [0x00000000eaa80000,0x00000000eaa80000,0x00000000eb800000)
 ParOldGen       total 152064K, used 30628K [0x00000000a0000000, 0x00000000a9480000, 0x00000000e0000000)
  object space 152064K, 20% used [0x00000000a0000000,0x00000000a1de9188,0x00000000a9480000)
 Metaspace       used 54564K, capacity 56202K, committed 56360K, reserved 1097728K
  class space    used 7478K, capacity 7880K, committed 7984K, reserved 1048576K
}

Deoptimization events (10 events):
Event: 11.775 Thread 0x000000001b625800 Uncommon trap: reason=class_check action=maybe_recompile pc=0x00000000058dcea0 method=org.gradle.model.internal.type.ModelType.wrap(Ljava/lang/reflect/Type;)Lorg/gradle/model/internal/type/TypeWrapper; @ 83
Event: 11.776 Thread 0x000000001b625800 Uncommon trap: reason=class_check action=maybe_recompile pc=0x00000000058dce30 method=org.gradle.model.internal.type.ModelType.wrap(Ljava/lang/reflect/Type;)Lorg/gradle/model/internal/type/TypeWrapper; @ 33
Event: 11.776 Thread 0x000000001b625800 Uncommon trap: reason=class_check action=maybe_recompile pc=0x00000000058dcea0 method=org.gradle.model.internal.type.ModelType.wrap(Ljava/lang/reflect/Type;)Lorg/gradle/model/internal/type/TypeWrapper; @ 83
Event: 11.851 Thread 0x0000000004c56800 Uncommon trap: reason=unstable_if action=reinterpret pc=0x00000000051e6194 method=java.util.WeakHashMap.expungeStaleEntries()V @ 9
Event: 11.851 Thread 0x0000000004c56800 Uncommon trap: reason=unstable_if action=reinterpret pc=0x00000000052f71ec method=java.util.WeakHashMap.expungeStaleEntries()V @ 9
Event: 11.895 Thread 0x000000001b625800 Uncommon trap: reason=unstable_if action=reinterpret pc=0x0000000005e36084 method=org.gradle.internal.reflect.PropertyAccessorType.of(Ljava/lang/reflect/Method;)Lorg/gradle/internal/reflect/PropertyAccessorType; @ 4
Event: 11.962 Thread 0x000000001b625800 Uncommon trap: reason=class_check action=maybe_recompile pc=0x0000000005e84e38 method=com.google.common.collect.AbstractMapBasedMultimap.put(Ljava/lang/Object;Ljava/lang/Object;)Z @ 10
Event: 11.962 Thread 0x000000001b625800 Uncommon trap: reason=class_check action=maybe_recompile pc=0x0000000005e84e38 method=com.google.common.collect.AbstractMapBasedMultimap.put(Ljava/lang/Object;Ljava/lang/Object;)Z @ 10
Event: 11.962 Thread 0x000000001b625800 Uncommon trap: reason=class_check action=maybe_recompile pc=0x0000000005e84e38 method=com.google.common.collect.AbstractMapBasedMultimap.put(Ljava/lang/Object;Ljava/lang/Object;)Z @ 10
Event: 11.962 Thread 0x000000001b625800 Uncommon trap: reason=class_check action=maybe_recompile pc=0x0000000005e84e38 method=com.google.common.collect.AbstractMapBasedMultimap.put(Ljava/lang/Object;Ljava/lang/Object;)Z @ 10

Classes redefined (0 events):
No events

Internal exceptions (10 events):
Event: 11.745 Thread 0x000000001b625800 Exception <a 'java/lang/ClassNotFoundException': org/codehaus/groovy/transform/ImmutableASTTransformationBeanInfo> (0x00000000e97df878) thrown at [D:\src\AOSP-openjdk-cygwin\jdk8u\hotspot\src\share\vm\classfile\systemDictionary.cpp, line 210]
Event: 11.746 Thread 0x000000001b625800 Exception <a 'java/lang/ClassNotFoundException': org/codehaus/groovy/transform/AbstractASTTransformationBeanInfo> (0x00000000e97f79e8) thrown at [D:\src\AOSP-openjdk-cygwin\jdk8u\hotspot\src\share\vm\classfile\systemDictionary.cpp, line 210]
Event: 11.746 Thread 0x000000001b625800 Exception <a 'java/lang/ClassNotFoundException': org/codehaus/groovy/transform/AbstractASTTransformationCustomizer> (0x00000000e9810020) thrown at [D:\src\AOSP-openjdk-cygwin\jdk8u\hotspot\src\share\vm\classfile\systemDictionary.cpp, line 210]
Event: 11.747 Thread 0x000000001b625800 Exception <a 'java/lang/ClassNotFoundException': org/codehaus/groovy/transform/ImmutableASTTransformationCustomizer> (0x00000000e9839bf0) thrown at [D:\src\AOSP-openjdk-cygwin\jdk8u\hotspot\src\share\vm\classfile\systemDictionary.cpp, line 210]
Event: 11.865 Thread 0x000000001b625800 Exception <a 'java/lang/ClassNotFoundException': org/gradle/platform/base/BinaryContainer_ImplBeanInfo> (0x00000000e01ce1b8) thrown at [D:\src\AOSP-openjdk-cygwin\jdk8u\hotspot\src\share\vm\classfile\systemDictionary.cpp, line 210]
Event: 11.865 Thread 0x000000001b625800 Exception <a 'java/lang/ClassNotFoundException': org/gradle/model/internal/core/NodeBackedModelMapBeanInfo> (0x00000000e01e3088) thrown at [D:\src\AOSP-openjdk-cygwin\jdk8u\hotspot\src\share\vm\classfile\systemDictionary.cpp, line 210]
Event: 11.865 Thread 0x000000001b625800 Exception <a 'java/lang/ClassNotFoundException': org/gradle/model/internal/core/ModelMapGroovyViewBeanInfo> (0x00000000e01f7f58) thrown at [D:\src\AOSP-openjdk-cygwin\jdk8u\hotspot\src\share\vm\classfile\systemDictionary.cpp, line 210]
Event: 11.866 Thread 0x000000001b625800 Exception <a 'java/lang/ClassNotFoundException': org/gradle/model/internal/core/ModelMapGroovyViewCustomizer> (0x00000000e020dbb0) thrown at [D:\src\AOSP-openjdk-cygwin\jdk8u\hotspot\src\share\vm\classfile\systemDictionary.cpp, line 210]
Event: 11.866 Thread 0x000000001b625800 Exception <a 'java/lang/ClassNotFoundException': org/gradle/model/internal/core/NodeBackedModelMapCustomizer> (0x00000000e02366b8) thrown at [D:\src\AOSP-openjdk-cygwin\jdk8u\hotspot\src\share\vm\classfile\systemDictionary.cpp, line 210]
Event: 11.869 Thread 0x000000001b625800 Exception <a 'java/lang/ClassNotFoundException': org/gradle/platform/base/BinaryContainer_ImplCustomizer> (0x00000000e029a510) thrown at [D:\src\AOSP-openjdk-cygwin\jdk8u\hotspot\src\share\vm\classfile\systemDictionary.cpp, line 210]

Events (10 events):
Event: 12.127 loading class org/gradle/internal/serialize/Serializers$1 done
Event: 12.127 loading class org/gradle/api/internal/changedetection/state/CacheBackedTaskHistoryRepository
Event: 12.127 loading class org/gradle/api/internal/changedetection/state/CacheBackedTaskHistoryRepository done
Event: 12.131 loading class org/gradle/api/internal/changedetection/state/TaskHistoryRepository$History
Event: 12.131 loading class org/gradle/api/internal/changedetection/state/TaskHistoryRepository$History done
Event: 12.132 loading class org/gradle/api/internal/changedetection/state/TaskExecutionSnapshotSerializer
Event: 12.132 loading class org/gradle/api/internal/changedetection/state/TaskExecutionSnapshotSerializer done
Event: 12.133 loading class org/gradle/api/internal/changedetection/state/InputPropertiesSerializer
Event: 12.133 loading class org/gradle/api/internal/changedetection/state/InputPropertiesSerializer done
Event: 12.135 Thread 0x0000000023052800 Thread added: 0x0000000023052800


Dynamic libraries:
0x00007ff782600000 - 0x00007ff782631000 	C:\Program Files\Android\Android Studio\jre\bin\java.exe
0x00007ff902b50000 - 0x00007ff902d30000 	C:\WINDOWS\SYSTEM32\ntdll.dll
0x00007ff8fd080000 - 0x00007ff8fd0b4000 	C:\Program Files\AVAST Software\Avast\x64\aswhooka.dll
0x00007ff9000d0000 - 0x00007ff90017e000 	C:\WINDOWS\System32\KERNEL32.DLL
0x00007ff8ff200000 - 0x00007ff8ff466000 	C:\WINDOWS\System32\KERNELBASE.dll
0x00007ff9001e0000 - 0x00007ff900281000 	C:\WINDOWS\System32\ADVAPI32.dll
0x00007ff902260000 - 0x00007ff9022fd000 	C:\WINDOWS\System32\msvcrt.dll
0x00007ff902ac0000 - 0x00007ff902b1b000 	C:\WINDOWS\System32\sechost.dll
0x00007ff902360000 - 0x00007ff90247f000 	C:\WINDOWS\System32\RPCRT4.dll
0x00007ff902480000 - 0x00007ff90260f000 	C:\WINDOWS\System32\USER32.dll
0x00007ff8ffdb0000 - 0x00007ff8ffdd0000 	C:\WINDOWS\System32\win32u.dll
0x00007ff900580000 - 0x00007ff9005a8000 	C:\WINDOWS\System32\GDI32.dll
0x00007ff8ff470000 - 0x00007ff8ff603000 	C:\WINDOWS\System32\gdi32full.dll
0x00007ff8ff160000 - 0x00007ff8ff1fb000 	C:\WINDOWS\System32\msvcp_win.dll
0x00007ff8fef30000 - 0x00007ff8ff026000 	C:\WINDOWS\System32\ucrtbase.dll
0x00007ff8f1ff0000 - 0x00007ff8f2259000 	C:\WINDOWS\WinSxS\amd64_microsoft.windows.common-controls_6595b64144ccf1df_6.0.16299.309_none_15cfd4c4935e6b11\COMCTL32.dll
0x00007ff900900000 - 0x00007ff900c08000 	C:\WINDOWS\System32\combase.dll
0x00007ff8ff0e0000 - 0x00007ff8ff152000 	C:\WINDOWS\System32\bcryptPrimitives.dll
0x00007ff902620000 - 0x00007ff90264d000 	C:\WINDOWS\System32\IMM32.DLL
0x0000000050d90000 - 0x0000000050e62000 	C:\Program Files\Android\Android Studio\jre\jre\bin\msvcr100.dll
0x0000000076b60000 - 0x00000000773a1000 	C:\Program Files\Android\Android Studio\jre\jre\bin\server\jvm.dll
0x00007ff902610000 - 0x00007ff902618000 	C:\WINDOWS\System32\PSAPI.DLL
0x00007ff8eca00000 - 0x00007ff8eca09000 	C:\WINDOWS\SYSTEM32\WSOCK32.dll
0x00007ff9021f0000 - 0x00007ff90225c000 	C:\WINDOWS\System32\WS2_32.dll
0x00007ff8fced0000 - 0x00007ff8fcef3000 	C:\WINDOWS\SYSTEM32\WINMM.dll
0x00007ff8f5f70000 - 0x00007ff8f5f7a000 	C:\WINDOWS\SYSTEM32\VERSION.dll
0x00007ff8fce50000 - 0x00007ff8fce7a000 	C:\WINDOWS\SYSTEM32\WINMMBASE.dll
0x00007ff8ff610000 - 0x00007ff8ff65a000 	C:\WINDOWS\System32\cfgmgr32.dll
0x00007ff8fd260000 - 0x00007ff8fd26f000 	C:\Program Files\Android\Android Studio\jre\jre\bin\verify.dll
0x00007ff8f22f0000 - 0x00007ff8f2319000 	C:\Program Files\Android\Android Studio\jre\jre\bin\java.dll
0x00007ff8f9030000 - 0x00007ff8f9046000 	C:\Program Files\Android\Android Studio\jre\jre\bin\zip.dll
0x00007ff900c10000 - 0x00007ff902046000 	C:\WINDOWS\System32\SHELL32.dll
0x00007ff900650000 - 0x00007ff9006f6000 	C:\WINDOWS\System32\shcore.dll
0x00007ff8ff660000 - 0x00007ff8ffda7000 	C:\WINDOWS\System32\windows.storage.dll
0x00007ff900180000 - 0x00007ff9001d1000 	C:\WINDOWS\System32\shlwapi.dll
0x00007ff8feea0000 - 0x00007ff8feeb1000 	C:\WINDOWS\System32\kernel.appcore.dll
0x00007ff8feec0000 - 0x00007ff8fef0c000 	C:\WINDOWS\System32\powrprof.dll
0x00007ff8fee80000 - 0x00007ff8fee9b000 	C:\WINDOWS\System32\profapi.dll
0x00007ff8f1fd0000 - 0x00007ff8f1fea000 	C:\Program Files\Android\Android Studio\jre\jre\bin\net.dll
0x00007ff8fe6b0000 - 0x00007ff8fe716000 	C:\WINDOWS\system32\mswsock.dll
0x00007ff8f1fb0000 - 0x00007ff8f1fc1000 	C:\Program Files\Android\Android Studio\jre\jre\bin\nio.dll
0x00007ff8f1e60000 - 0x00007ff8f1e7e000 	C:\Users\vendas1\.gradle\native\25\windows-amd64\native-platform.dll
0x00007ff8fd250000 - 0x00007ff8fd25d000 	C:\Program Files\Android\Android Studio\jre\jre\bin\management.dll
0x00007ff8fe880000 - 0x00007ff8fe897000 	C:\WINDOWS\SYSTEM32\CRYPTSP.dll
0x00007ff8fe2b0000 - 0x00007ff8fe2e3000 	C:\WINDOWS\system32\rsaenh.dll
0x00007ff8fe980000 - 0x00007ff8fe9a5000 	C:\WINDOWS\SYSTEM32\bcrypt.dll
0x00007ff8fed80000 - 0x00007ff8feda9000 	C:\WINDOWS\SYSTEM32\USERENV.dll
0x00007ff8fe870000 - 0x00007ff8fe87b000 	C:\WINDOWS\SYSTEM32\CRYPTBASE.dll
0x00007ff8fe440000 - 0x00007ff8fe479000 	C:\WINDOWS\SYSTEM32\IPHLPAPI.DLL
0x00007ff900400000 - 0x00007ff900408000 	C:\WINDOWS\System32\NSI.dll
0x00007ff8fb520000 - 0x00007ff8fb536000 	C:\WINDOWS\SYSTEM32\dhcpcsvc6.DLL
0x00007ff8fb4b0000 - 0x00007ff8fb4ca000 	C:\WINDOWS\SYSTEM32\dhcpcsvc.DLL

VM Arguments:
jvm_args: -Xmx1536m -Dfile.encoding=windows-1252 -Duser.country=BR -Duser.language=pt -Duser.variant 
java_command: org.gradle.launcher.daemon.bootstrap.GradleDaemon 4.6
java_class_path (initial): C:\Users\vendas1\.gradle\wrapper\dists\gradle-4.6-all\bcst21l2brirad8k2ben1letg\gradle-4.6\lib\gradle-launcher-4.6.jar
Launcher Type: SUN_STANDARD

Environment Variables:
PATH=C:\Program Files (x86)\Common Files\Oracle\Java\javapath;C:\ProgramData\Oracle\Java\javapath;C:\WINDOWS\system32;C:\WINDOWS;C:\WINDOWS\System32\Wbem;C:\WINDOWS\System32\WindowsPowerShell\v1.0\;C:\Program Files\MySQL\MySQL Utilities 1.6\;C:\Program Files (x86)\NVIDIA Corporation\PhysX\Common;C:\Program Files\Microsoft SQL Server\110\Tools\Binn\;C:\WINDOWS\system32;C:\WINDOWS;C:\WINDOWS\System32\Wbem;C:\WINDOWS\System32\WindowsPowerShell\v1.0\;C:\Program Files\SourceGear\Common\DiffMerge\;C:\Program Files (x86)\Google\Cloud SDK\google-cloud-sdk\bin;C:\Users\vendas1\AppData\Local\Microsoft\WindowsApps;C:\Users\vendas1\AppData\Local\GitHubDesktop\bin
USERNAME=vendas1
OS=Windows_NT
PROCESSOR_IDENTIFIER=Intel64 Family 6 Model 60 Stepping 3, GenuineIntel



---------------  S Y S T E M  ---------------

OS: Windows 10.0 , 64 bit Build 16299 (10.0.16299.15)

CPU:total 4 (initial active 4) (4 cores per cpu, 1 threads per core) family 6 model 60 stepping 3, cmov, cx8, fxsr, mmx, sse, sse2, sse3, ssse3, sse4.1, sse4.2, popcnt, avx, avx2, aes, clmul, erms, lzcnt, tsc, tscinvbit, bmi1, bmi2

Memory: 4k page, physical 16189112k(3130444k free), swap 16189112k(7308k free)

vm_info: OpenJDK 64-Bit Server VM (25.152-b06) for windows-amd64 JRE (1.8.0_152-release-1136-b06), built by "builder" with MS VC++ 10.0 (VS2010)

time: Thu Oct 18 21:35:39 2018
elapsed time: 12 seconds (0d 0h 0m 12s)

